{"/home/wallace/cursos/clean-node-api/src/data/usecases/add-account/db-addccount.ts": {"path":"/home/wallace/cursos/clean-node-api/src/data/usecases/add-account/db-addccount.ts","statementMap":{"0":{"start":{"line":5,"column":21},"end":{"line":5,"column":35}},"1":{"start":{"line":6,"column":21},"end":{"line":6,"column":63}},"2":{"start":{"line":7,"column":21},"end":{"line":7,"column":79}},"3":{"start":{"line":10,"column":20},"end":{"line":10,"column":90}},"4":{"start":{"line":11,"column":4},"end":{"line":15,"column":null}},"5":{"start":{"line":12,"column":29},"end":{"line":12,"column":73}},"6":{"start":{"line":13,"column":25},"end":{"line":13,"column":122}},"7":{"start":{"line":14,"column":6},"end":{"line":14,"column":null}},"8":{"start":{"line":14,"column":36},"end":{"line":14,"column":55}},"9":{"start":{"line":16,"column":4},"end":{"line":16,"column":null}},"10":{"start":{"line":3,"column":0},"end":{"line":3,"column":13}}},"fnMap":{"0":{"name":"(anonymous_0)","decl":{"start":{"line":4,"column":2},"end":{"line":4,"column":null}},"loc":{"start":{"line":7,"column":79},"end":{"line":7,"column":83}}},"1":{"name":"(anonymous_1)","decl":{"start":{"line":9,"column":2},"end":{"line":9,"column":7}},"loc":{"start":{"line":9,"column":41},"end":{"line":17,"column":3}}},"2":{"name":"(anonymous_2)","decl":{"start":{"line":14,"column":25},"end":{"line":14,"column":32}},"loc":{"start":{"line":14,"column":36},"end":{"line":14,"column":55}}}},"branchMap":{"0":{"loc":{"start":{"line":11,"column":4},"end":{"line":15,"column":null}},"type":"if","locations":[{"start":{"line":11,"column":4},"end":{"line":15,"column":null}}]}},"s":{"0":11,"1":11,"2":11,"3":8,"4":8,"5":7,"6":6,"7":5,"8":5,"9":1,"10":5},"f":{"0":11,"1":8,"2":5},"b":{"0":[7]}}
,"/home/wallace/cursos/clean-node-api/src/data/usecases/authentication/db-authentication.ts": {"path":"/home/wallace/cursos/clean-node-api/src/data/usecases/authentication/db-authentication.ts","statementMap":{"0":{"start":{"line":12,"column":21},"end":{"line":12,"column":79}},"1":{"start":{"line":13,"column":21},"end":{"line":13,"column":47}},"2":{"start":{"line":14,"column":21},"end":{"line":14,"column":41}},"3":{"start":{"line":15,"column":21},"end":{"line":15,"column":77}},"4":{"start":{"line":19,"column":20},"end":{"line":19,"column":93}},"5":{"start":{"line":20,"column":4},"end":{"line":27,"column":null}},"6":{"start":{"line":21,"column":22},"end":{"line":21,"column":96}},"7":{"start":{"line":22,"column":6},"end":{"line":26,"column":null}},"8":{"start":{"line":23,"column":28},"end":{"line":23,"column":68}},"9":{"start":{"line":24,"column":8},"end":{"line":24,"column":null}},"10":{"start":{"line":25,"column":8},"end":{"line":25,"column":null}},"11":{"start":{"line":28,"column":4},"end":{"line":28,"column":null}},"12":{"start":{"line":10,"column":0},"end":{"line":10,"column":13}}},"fnMap":{"0":{"name":"(anonymous_0)","decl":{"start":{"line":11,"column":2},"end":{"line":11,"column":null}},"loc":{"start":{"line":15,"column":77},"end":{"line":16,"column":6}}},"1":{"name":"(anonymous_1)","decl":{"start":{"line":18,"column":2},"end":{"line":18,"column":7}},"loc":{"start":{"line":18,"column":49},"end":{"line":29,"column":3}}}},"branchMap":{"0":{"loc":{"start":{"line":20,"column":4},"end":{"line":27,"column":null}},"type":"if","locations":[{"start":{"line":20,"column":4},"end":{"line":27,"column":null}}]},"1":{"loc":{"start":{"line":22,"column":6},"end":{"line":26,"column":null}},"type":"if","locations":[{"start":{"line":22,"column":6},"end":{"line":26,"column":null}}]}},"s":{"0":19,"1":19,"2":19,"3":19,"4":14,"5":13,"6":11,"7":10,"8":8,"9":7,"10":6,"11":4,"12":5},"f":{"0":19,"1":14},"b":{"0":[11],"1":[8]}}
,"/home/wallace/cursos/clean-node-api/src/infra/criptography/bcrypt-adapter/bcrypt-adapter.ts": {"path":"/home/wallace/cursos/clean-node-api/src/infra/criptography/bcrypt-adapter/bcrypt-adapter.ts","statementMap":{"0":{"start":{"line":1,"column":0},"end":{"line":1,"column":27}},"1":{"start":{"line":6,"column":32},"end":{"line":6,"column":44}},"2":{"start":{"line":9,"column":17},"end":{"line":9,"column":51}},"3":{"start":{"line":10,"column":4},"end":{"line":10,"column":null}},"4":{"start":{"line":14,"column":20},"end":{"line":14,"column":53}},"5":{"start":{"line":15,"column":4},"end":{"line":15,"column":null}},"6":{"start":{"line":5,"column":0},"end":{"line":5,"column":13}}},"fnMap":{"0":{"name":"(anonymous_1)","decl":{"start":{"line":6,"column":2},"end":{"line":6,"column":32}},"loc":{"start":{"line":6,"column":44},"end":{"line":6,"column":49}}},"1":{"name":"(anonymous_2)","decl":{"start":{"line":8,"column":2},"end":{"line":8,"column":7}},"loc":{"start":{"line":8,"column":27},"end":{"line":11,"column":3}}},"2":{"name":"(anonymous_3)","decl":{"start":{"line":13,"column":2},"end":{"line":13,"column":7}},"loc":{"start":{"line":13,"column":44},"end":{"line":16,"column":3}}}},"branchMap":{},"s":{"0":5,"1":19,"2":5,"3":3,"4":5,"5":5,"6":5},"f":{"0":19,"1":5,"2":5},"b":{}}
,"/home/wallace/cursos/clean-node-api/src/infra/criptography/jwt-adapter/jwt-adapter.ts": {"path":"/home/wallace/cursos/clean-node-api/src/infra/criptography/jwt-adapter/jwt-adapter.ts","statementMap":{"0":{"start":{"line":1,"column":0},"end":{"line":1,"column":30}},"1":{"start":{"line":5,"column":32},"end":{"line":5,"column":46}},"2":{"start":{"line":8,"column":24},"end":{"line":8,"column":66}},"3":{"start":{"line":9,"column":4},"end":{"line":9,"column":null}},"4":{"start":{"line":4,"column":0},"end":{"line":4,"column":13}}},"fnMap":{"0":{"name":"(anonymous_1)","decl":{"start":{"line":5,"column":2},"end":{"line":5,"column":32}},"loc":{"start":{"line":5,"column":46},"end":{"line":5,"column":51}}},"1":{"name":"(anonymous_2)","decl":{"start":{"line":7,"column":2},"end":{"line":7,"column":7}},"loc":{"start":{"line":7,"column":30},"end":{"line":10,"column":3}}}},"branchMap":{},"s":{"0":5,"1":11,"2":5,"3":4,"4":5},"f":{"0":11,"1":5},"b":{}}
,"/home/wallace/cursos/clean-node-api/src/infra/db/mongodb/account/account-mongo-repository.ts": {"path":"/home/wallace/cursos/clean-node-api/src/infra/db/mongodb/account/account-mongo-repository.ts","statementMap":{"0":{"start":{"line":4,"column":0},"end":{"line":4,"column":54}},"1":{"start":{"line":7,"column":0},"end":{"line":7,"column":34}},"2":{"start":{"line":11,"column":30},"end":{"line":11,"column":72}},"3":{"start":{"line":12,"column":19},"end":{"line":12,"column":65}},"4":{"start":{"line":13,"column":28},"end":{"line":13,"column":87}},"5":{"start":{"line":14,"column":4},"end":{"line":14,"column":null}},"6":{"start":{"line":18,"column":30},"end":{"line":18,"column":72}},"7":{"start":{"line":19,"column":20},"end":{"line":19,"column":62}},"8":{"start":{"line":20,"column":4},"end":{"line":20,"column":null}},"9":{"start":{"line":24,"column":30},"end":{"line":24,"column":72}},"10":{"start":{"line":25,"column":4},"end":{"line":31,"column":null}},"11":{"start":{"line":9,"column":0},"end":{"line":9,"column":13}}},"fnMap":{"0":{"name":"(anonymous_0)","decl":{"start":{"line":10,"column":2},"end":{"line":10,"column":7}},"loc":{"start":{"line":10,"column":41},"end":{"line":15,"column":3}}},"1":{"name":"(anonymous_1)","decl":{"start":{"line":17,"column":2},"end":{"line":17,"column":7}},"loc":{"start":{"line":17,"column":34},"end":{"line":21,"column":3}}},"2":{"name":"(anonymous_2)","decl":{"start":{"line":23,"column":2},"end":{"line":23,"column":7}},"loc":{"start":{"line":23,"column":52},"end":{"line":32,"column":3}}}},"branchMap":{"0":{"loc":{"start":{"line":20,"column":11},"end":{"line":20,"column":46}},"type":"binary-expr","locations":[{"start":{"line":20,"column":11},"end":{"line":20,"column":18}},{"start":{"line":20,"column":22},"end":{"line":20,"column":46}}]}},"s":{"0":5,"1":5,"2":2,"3":2,"4":2,"5":2,"6":6,"7":6,"8":6,"9":3,"10":3,"11":5},"f":{"0":2,"1":6,"2":3},"b":{"0":[6,3]}}
,"/home/wallace/cursos/clean-node-api/src/infra/db/mongodb/helpers/mongo-helpers.ts": {"path":"/home/wallace/cursos/clean-node-api/src/infra/db/mongodb/helpers/mongo-helpers.ts","statementMap":{"0":{"start":{"line":1,"column":0},"end":{"line":1,"column":49}},"1":{"start":{"line":3,"column":13},"end":{"line":32,"column":null}},"2":{"start":{"line":8,"column":4},"end":{"line":8,"column":null}},"3":{"start":{"line":9,"column":4},"end":{"line":9,"column":null}},"4":{"start":{"line":13,"column":4},"end":{"line":13,"column":null}},"5":{"start":{"line":14,"column":4},"end":{"line":14,"column":null}},"6":{"start":{"line":18,"column":4},"end":{"line":20,"column":null}},"7":{"start":{"line":19,"column":6},"end":{"line":19,"column":null}},"8":{"start":{"line":21,"column":4},"end":{"line":21,"column":null}},"9":{"start":{"line":25,"column":44},"end":{"line":25,"column":54}},"10":{"start":{"line":26,"column":28},"end":{"line":29,"column":null}},"11":{"start":{"line":30,"column":4},"end":{"line":30,"column":null}}},"fnMap":{"0":{"name":"(anonymous_0)","decl":{"start":{"line":7,"column":2},"end":{"line":7,"column":7}},"loc":{"start":{"line":7,"column":28},"end":{"line":10,"column":3}}},"1":{"name":"(anonymous_1)","decl":{"start":{"line":12,"column":2},"end":{"line":12,"column":7}},"loc":{"start":{"line":12,"column":18},"end":{"line":15,"column":3}}},"2":{"name":"(anonymous_2)","decl":{"start":{"line":17,"column":2},"end":{"line":17,"column":7}},"loc":{"start":{"line":17,"column":34},"end":{"line":22,"column":3}}},"3":{"name":"(anonymous_3)","decl":{"start":{"line":24,"column":7},"end":{"line":24,"column":8}},"loc":{"start":{"line":24,"column":32},"end":{"line":31,"column":3}}}},"branchMap":{"0":{"loc":{"start":{"line":18,"column":4},"end":{"line":20,"column":null}},"type":"if","locations":[{"start":{"line":18,"column":4},"end":{"line":20,"column":null}}]}},"s":{"0":7,"1":7,"2":5,"3":5,"4":5,"5":5,"6":22,"7":1,"8":22,"9":5,"10":5,"11":5},"f":{"0":5,"1":5,"2":22,"3":5},"b":{"0":[1]}}
,"/home/wallace/cursos/clean-node-api/src/infra/db/mongodb/log/log-mongo-repository.ts": {"path":"/home/wallace/cursos/clean-node-api/src/infra/db/mongodb/log/log-mongo-repository.ts","statementMap":{"0":{"start":{"line":2,"column":0},"end":{"line":2,"column":54}},"1":{"start":{"line":6,"column":28},"end":{"line":6,"column":68}},"2":{"start":{"line":7,"column":4},"end":{"line":10,"column":null}},"3":{"start":{"line":4,"column":0},"end":{"line":4,"column":13}}},"fnMap":{"0":{"name":"(anonymous_0)","decl":{"start":{"line":5,"column":2},"end":{"line":5,"column":7}},"loc":{"start":{"line":5,"column":31},"end":{"line":11,"column":3}}}},"branchMap":{},"s":{"0":5,"1":1,"2":1,"3":5},"f":{"0":1},"b":{}}
,"/home/wallace/cursos/clean-node-api/src/infra/validators/email-validator-adapter.ts": {"path":"/home/wallace/cursos/clean-node-api/src/infra/validators/email-validator-adapter.ts","statementMap":{"0":{"start":{"line":2,"column":0},"end":{"line":2,"column":33}},"1":{"start":{"line":6,"column":4},"end":{"line":6,"column":null}},"2":{"start":{"line":4,"column":0},"end":{"line":4,"column":13}}},"fnMap":{"0":{"name":"(anonymous_1)","decl":{"start":{"line":5,"column":2},"end":{"line":5,"column":9}},"loc":{"start":{"line":5,"column":24},"end":{"line":7,"column":3}}}},"branchMap":{},"s":{"0":7,"1":6,"2":7},"f":{"0":6},"b":{}}
,"/home/wallace/cursos/clean-node-api/src/presentation/controllers/login/login-controller.ts": {"path":"/home/wallace/cursos/clean-node-api/src/presentation/controllers/login/login-controller.ts","statementMap":{"0":{"start":{"line":2,"column":0},"end":{"line":2,"column":91}},"1":{"start":{"line":6,"column":21},"end":{"line":6,"column":51}},"2":{"start":{"line":7,"column":21},"end":{"line":7,"column":43}},"3":{"start":{"line":10,"column":4},"end":{"line":26,"column":null}},"4":{"start":{"line":11,"column":20},"end":{"line":11,"column":62}},"5":{"start":{"line":12,"column":6},"end":{"line":14,"column":null}},"6":{"start":{"line":13,"column":8},"end":{"line":13,"column":null}},"7":{"start":{"line":15,"column":34},"end":{"line":15,"column":50}},"8":{"start":{"line":16,"column":26},"end":{"line":19,"column":8}},"9":{"start":{"line":20,"column":6},"end":{"line":22,"column":null}},"10":{"start":{"line":21,"column":8},"end":{"line":21,"column":null}},"11":{"start":{"line":23,"column":6},"end":{"line":23,"column":null}},"12":{"start":{"line":25,"column":6},"end":{"line":25,"column":null}},"13":{"start":{"line":4,"column":0},"end":{"line":4,"column":13}}},"fnMap":{"0":{"name":"(anonymous_0)","decl":{"start":{"line":5,"column":2},"end":{"line":5,"column":null}},"loc":{"start":{"line":7,"column":43},"end":{"line":7,"column":47}}},"1":{"name":"(anonymous_1)","decl":{"start":{"line":9,"column":2},"end":{"line":9,"column":7}},"loc":{"start":{"line":9,"column":40},"end":{"line":27,"column":3}}}},"branchMap":{"0":{"loc":{"start":{"line":12,"column":6},"end":{"line":14,"column":null}},"type":"if","locations":[{"start":{"line":12,"column":6},"end":{"line":14,"column":null}}]},"1":{"loc":{"start":{"line":20,"column":6},"end":{"line":22,"column":null}},"type":"if","locations":[{"start":{"line":20,"column":6},"end":{"line":22,"column":null}}]}},"s":{"0":5,"1":10,"2":10,"3":8,"4":8,"5":8,"6":1,"7":7,"8":7,"9":6,"10":2,"11":4,"12":1,"13":5},"f":{"0":10,"1":8},"b":{"0":[1],"1":[2]}}
,"/home/wallace/cursos/clean-node-api/src/presentation/controllers/signup/signup-controller.ts": {"path":"/home/wallace/cursos/clean-node-api/src/presentation/controllers/signup/signup-controller.ts","statementMap":{"0":{"start":{"line":2,"column":0},"end":{"line":2,"column":88}},"1":{"start":{"line":4,"column":0},"end":{"line":4,"column":46}},"2":{"start":{"line":8,"column":21},"end":{"line":8,"column":43}},"3":{"start":{"line":9,"column":21},"end":{"line":9,"column":43}},"4":{"start":{"line":10,"column":21},"end":{"line":10,"column":51}},"5":{"start":{"line":13,"column":4},"end":{"line":34,"column":null}},"6":{"start":{"line":14,"column":20},"end":{"line":14,"column":62}},"7":{"start":{"line":15,"column":6},"end":{"line":17,"column":null}},"8":{"start":{"line":16,"column":8},"end":{"line":16,"column":null}},"9":{"start":{"line":18,"column":40},"end":{"line":18,"column":56}},"10":{"start":{"line":19,"column":22},"end":{"line":23,"column":8}},"11":{"start":{"line":24,"column":6},"end":{"line":26,"column":null}},"12":{"start":{"line":25,"column":8},"end":{"line":25,"column":null}},"13":{"start":{"line":27,"column":26},"end":{"line":30,"column":9}},"14":{"start":{"line":31,"column":6},"end":{"line":31,"column":null}},"15":{"start":{"line":33,"column":6},"end":{"line":33,"column":null}},"16":{"start":{"line":6,"column":0},"end":{"line":6,"column":13}}},"fnMap":{"0":{"name":"(anonymous_0)","decl":{"start":{"line":7,"column":2},"end":{"line":7,"column":null}},"loc":{"start":{"line":10,"column":51},"end":{"line":10,"column":56}}},"1":{"name":"(anonymous_1)","decl":{"start":{"line":12,"column":2},"end":{"line":12,"column":7}},"loc":{"start":{"line":12,"column":40},"end":{"line":35,"column":3}}}},"branchMap":{"0":{"loc":{"start":{"line":15,"column":6},"end":{"line":17,"column":null}},"type":"if","locations":[{"start":{"line":15,"column":6},"end":{"line":17,"column":null}}]},"1":{"loc":{"start":{"line":24,"column":6},"end":{"line":26,"column":null}},"type":"if","locations":[{"start":{"line":24,"column":6},"end":{"line":26,"column":null}}]}},"s":{"0":5,"1":5,"2":12,"3":12,"4":12,"5":9,"6":9,"7":9,"8":1,"9":8,"10":8,"11":7,"12":1,"13":6,"14":5,"15":2,"16":5},"f":{"0":12,"1":9},"b":{"0":[1],"1":[1]}}
,"/home/wallace/cursos/clean-node-api/src/presentation/errors/email-in-use-error.ts": {"path":"/home/wallace/cursos/clean-node-api/src/presentation/errors/email-in-use-error.ts","statementMap":{"0":{"start":{"line":3,"column":4},"end":{"line":3,"column":null}},"1":{"start":{"line":4,"column":4},"end":{"line":4,"column":null}},"2":{"start":{"line":1,"column":0},"end":{"line":1,"column":13}}},"fnMap":{"0":{"name":"(anonymous_0)","decl":{"start":{"line":2,"column":2},"end":{"line":2,"column":null}},"loc":{"start":{"line":2,"column":2},"end":{"line":5,"column":3}}}},"branchMap":{},"s":{"0":2,"1":2,"2":13},"f":{"0":2},"b":{}}
,"/home/wallace/cursos/clean-node-api/src/presentation/errors/index.ts": {"path":"/home/wallace/cursos/clean-node-api/src/presentation/errors/index.ts","statementMap":{"0":{"start":{"line":1,"column":0},"end":{"line":1,"column":37}},"1":{"start":{"line":2,"column":0},"end":{"line":2,"column":37}},"2":{"start":{"line":3,"column":0},"end":{"line":3,"column":31}},"3":{"start":{"line":4,"column":0},"end":{"line":4,"column":36}},"4":{"start":{"line":5,"column":0},"end":{"line":5,"column":36}}},"fnMap":{},"branchMap":{},"s":{"0":13,"1":13,"2":13,"3":13,"4":13},"f":{},"b":{}}
,"/home/wallace/cursos/clean-node-api/src/presentation/errors/invalid-param-error.ts": {"path":"/home/wallace/cursos/clean-node-api/src/presentation/errors/invalid-param-error.ts","statementMap":{"0":{"start":{"line":3,"column":4},"end":{"line":3,"column":null}},"1":{"start":{"line":4,"column":4},"end":{"line":4,"column":null}},"2":{"start":{"line":1,"column":0},"end":{"line":1,"column":13}}},"fnMap":{"0":{"name":"(anonymous_0)","decl":{"start":{"line":2,"column":2},"end":{"line":2,"column":15}},"loc":{"start":{"line":2,"column":32},"end":{"line":5,"column":3}}}},"branchMap":{},"s":{"0":4,"1":4,"2":13},"f":{"0":4},"b":{}}
,"/home/wallace/cursos/clean-node-api/src/presentation/errors/missing-param-error.ts": {"path":"/home/wallace/cursos/clean-node-api/src/presentation/errors/missing-param-error.ts","statementMap":{"0":{"start":{"line":3,"column":4},"end":{"line":3,"column":null}},"1":{"start":{"line":4,"column":4},"end":{"line":4,"column":null}},"2":{"start":{"line":1,"column":0},"end":{"line":1,"column":13}}},"fnMap":{"0":{"name":"(anonymous_0)","decl":{"start":{"line":2,"column":2},"end":{"line":2,"column":15}},"loc":{"start":{"line":2,"column":32},"end":{"line":5,"column":3}}}},"branchMap":{},"s":{"0":9,"1":9,"2":13},"f":{"0":9},"b":{}}
,"/home/wallace/cursos/clean-node-api/src/presentation/errors/server-error .ts": {"path":"/home/wallace/cursos/clean-node-api/src/presentation/errors/server-error .ts","statementMap":{"0":{"start":{"line":3,"column":4},"end":{"line":3,"column":null}},"1":{"start":{"line":4,"column":4},"end":{"line":4,"column":null}},"2":{"start":{"line":5,"column":4},"end":{"line":5,"column":null}},"3":{"start":{"line":1,"column":0},"end":{"line":1,"column":13}}},"fnMap":{"0":{"name":"(anonymous_0)","decl":{"start":{"line":2,"column":2},"end":{"line":2,"column":15}},"loc":{"start":{"line":2,"column":35},"end":{"line":6,"column":3}}}},"branchMap":{},"s":{"0":8,"1":8,"2":8,"3":13},"f":{"0":8},"b":{}}
,"/home/wallace/cursos/clean-node-api/src/presentation/errors/unauthorized-error.ts": {"path":"/home/wallace/cursos/clean-node-api/src/presentation/errors/unauthorized-error.ts","statementMap":{"0":{"start":{"line":3,"column":4},"end":{"line":3,"column":null}},"1":{"start":{"line":4,"column":4},"end":{"line":4,"column":null}},"2":{"start":{"line":1,"column":0},"end":{"line":1,"column":13}}},"fnMap":{"0":{"name":"(anonymous_0)","decl":{"start":{"line":2,"column":2},"end":{"line":2,"column":null}},"loc":{"start":{"line":2,"column":2},"end":{"line":5,"column":3}}}},"branchMap":{},"s":{"0":3,"1":3,"2":13},"f":{"0":3},"b":{}}
,"/home/wallace/cursos/clean-node-api/src/presentation/helpers/http/http-helpers.ts": {"path":"/home/wallace/cursos/clean-node-api/src/presentation/helpers/http/http-helpers.ts","statementMap":{"0":{"start":{"line":2,"column":0},"end":{"line":2,"column":61}},"1":{"start":{"line":4,"column":26},"end":{"line":7,"column":2}},"2":{"start":{"line":4,"column":59},"end":{"line":7,"column":2}},"3":{"start":{"line":4,"column":13},"end":{"line":4,"column":26}},"4":{"start":{"line":9,"column":28},"end":{"line":12,"column":2}},"5":{"start":{"line":9,"column":49},"end":{"line":12,"column":2}},"6":{"start":{"line":9,"column":13},"end":{"line":9,"column":28}},"7":{"start":{"line":14,"column":25},"end":{"line":17,"column":2}},"8":{"start":{"line":14,"column":58},"end":{"line":17,"column":2}},"9":{"start":{"line":14,"column":13},"end":{"line":14,"column":25}},"10":{"start":{"line":19,"column":27},"end":{"line":22,"column":2}},"11":{"start":{"line":19,"column":60},"end":{"line":22,"column":2}},"12":{"start":{"line":19,"column":13},"end":{"line":19,"column":27}},"13":{"start":{"line":24,"column":18},"end":{"line":27,"column":2}},"14":{"start":{"line":24,"column":48},"end":{"line":27,"column":2}},"15":{"start":{"line":24,"column":13},"end":{"line":24,"column":18}}},"fnMap":{"0":{"name":"(anonymous_0)","decl":{"start":{"line":4,"column":26},"end":{"line":4,"column":27}},"loc":{"start":{"line":4,"column":59},"end":{"line":7,"column":2}}},"1":{"name":"(anonymous_1)","decl":{"start":{"line":9,"column":28},"end":{"line":9,"column":45}},"loc":{"start":{"line":9,"column":49},"end":{"line":12,"column":2}}},"2":{"name":"(anonymous_2)","decl":{"start":{"line":14,"column":25},"end":{"line":14,"column":26}},"loc":{"start":{"line":14,"column":58},"end":{"line":17,"column":2}}},"3":{"name":"(anonymous_3)","decl":{"start":{"line":19,"column":27},"end":{"line":19,"column":28}},"loc":{"start":{"line":19,"column":60},"end":{"line":22,"column":2}}},"4":{"name":"(anonymous_4)","decl":{"start":{"line":24,"column":18},"end":{"line":24,"column":19}},"loc":{"start":{"line":24,"column":48},"end":{"line":27,"column":2}}}},"branchMap":{},"s":{"0":7,"1":7,"2":4,"3":7,"4":7,"5":3,"6":7,"7":7,"8":2,"9":7,"10":7,"11":7,"12":7,"13":7,"14":14,"15":7},"f":{"0":4,"1":3,"2":2,"3":7,"4":14},"b":{}}
,"/home/wallace/cursos/clean-node-api/src/validation/validators/compare-fields-validation.ts": {"path":"/home/wallace/cursos/clean-node-api/src/validation/validators/compare-fields-validation.ts","statementMap":{"0":{"start":{"line":2,"column":0},"end":{"line":2,"column":61}},"1":{"start":{"line":6,"column":21},"end":{"line":6,"column":38}},"2":{"start":{"line":7,"column":21},"end":{"line":7,"column":47}},"3":{"start":{"line":10,"column":4},"end":{"line":12,"column":null}},"4":{"start":{"line":11,"column":6},"end":{"line":11,"column":null}},"5":{"start":{"line":4,"column":0},"end":{"line":4,"column":13}}},"fnMap":{"0":{"name":"(anonymous_0)","decl":{"start":{"line":5,"column":2},"end":{"line":5,"column":null}},"loc":{"start":{"line":7,"column":47},"end":{"line":7,"column":51}}},"1":{"name":"(anonymous_1)","decl":{"start":{"line":9,"column":2},"end":{"line":9,"column":10}},"loc":{"start":{"line":9,"column":22},"end":{"line":13,"column":3}}}},"branchMap":{"0":{"loc":{"start":{"line":10,"column":4},"end":{"line":12,"column":null}},"type":"if","locations":[{"start":{"line":10,"column":4},"end":{"line":12,"column":null}}]}},"s":{"0":7,"1":8,"2":8,"3":3,"4":1,"5":7},"f":{"0":8,"1":3},"b":{"0":[1]}}
,"/home/wallace/cursos/clean-node-api/src/validation/validators/email-validation.ts": {"path":"/home/wallace/cursos/clean-node-api/src/validation/validators/email-validation.ts","statementMap":{"0":{"start":{"line":1,"column":0},"end":{"line":1,"column":61}},"1":{"start":{"line":7,"column":21},"end":{"line":7,"column":38}},"2":{"start":{"line":8,"column":21},"end":{"line":8,"column":51}},"3":{"start":{"line":11,"column":20},"end":{"line":11,"column":70}},"4":{"start":{"line":12,"column":4},"end":{"line":14,"column":null}},"5":{"start":{"line":13,"column":6},"end":{"line":13,"column":null}},"6":{"start":{"line":5,"column":0},"end":{"line":5,"column":13}}},"fnMap":{"0":{"name":"(anonymous_0)","decl":{"start":{"line":6,"column":2},"end":{"line":6,"column":null}},"loc":{"start":{"line":8,"column":51},"end":{"line":8,"column":55}}},"1":{"name":"(anonymous_1)","decl":{"start":{"line":10,"column":2},"end":{"line":10,"column":10}},"loc":{"start":{"line":10,"column":22},"end":{"line":15,"column":3}}}},"branchMap":{"0":{"loc":{"start":{"line":12,"column":4},"end":{"line":14,"column":null}},"type":"if","locations":[{"start":{"line":12,"column":4},"end":{"line":14,"column":null}}]}},"s":{"0":7,"1":15,"2":15,"3":6,"4":5,"5":1,"6":7},"f":{"0":15,"1":6},"b":{"0":[1]}}
,"/home/wallace/cursos/clean-node-api/src/validation/validators/index.ts": {"path":"/home/wallace/cursos/clean-node-api/src/validation/validators/index.ts","statementMap":{"0":{"start":{"line":1,"column":0},"end":{"line":1,"column":43}},"1":{"start":{"line":2,"column":0},"end":{"line":2,"column":34}},"2":{"start":{"line":3,"column":0},"end":{"line":3,"column":43}},"3":{"start":{"line":4,"column":0},"end":{"line":4,"column":38}}},"fnMap":{},"branchMap":{},"s":{"0":6,"1":6,"2":6,"3":6},"f":{},"b":{}}
,"/home/wallace/cursos/clean-node-api/src/validation/validators/required-field-validation.ts": {"path":"/home/wallace/cursos/clean-node-api/src/validation/validators/required-field-validation.ts","statementMap":{"0":{"start":{"line":1,"column":0},"end":{"line":1,"column":61}},"1":{"start":{"line":5,"column":32},"end":{"line":5,"column":49}},"2":{"start":{"line":8,"column":4},"end":{"line":10,"column":null}},"3":{"start":{"line":9,"column":6},"end":{"line":9,"column":null}},"4":{"start":{"line":4,"column":0},"end":{"line":4,"column":13}}},"fnMap":{"0":{"name":"(anonymous_0)","decl":{"start":{"line":5,"column":2},"end":{"line":5,"column":32}},"loc":{"start":{"line":5,"column":49},"end":{"line":5,"column":53}}},"1":{"name":"(anonymous_1)","decl":{"start":{"line":7,"column":2},"end":{"line":7,"column":10}},"loc":{"start":{"line":7,"column":22},"end":{"line":11,"column":3}}}},"branchMap":{"0":{"loc":{"start":{"line":8,"column":4},"end":{"line":10,"column":null}},"type":"if","locations":[{"start":{"line":8,"column":4},"end":{"line":10,"column":null}}]}},"s":{"0":7,"1":38,"2":10,"3":1,"4":7},"f":{"0":38,"1":10},"b":{"0":[1]}}
,"/home/wallace/cursos/clean-node-api/src/validation/validators/validation-composite.ts": {"path":"/home/wallace/cursos/clean-node-api/src/validation/validators/validation-composite.ts","statementMap":{"0":{"start":{"line":4,"column":32},"end":{"line":4,"column":57}},"1":{"start":{"line":7,"column":4},"end":{"line":12,"column":null}},"2":{"start":{"line":8,"column":20},"end":{"line":8,"column":46}},"3":{"start":{"line":9,"column":6},"end":{"line":11,"column":null}},"4":{"start":{"line":10,"column":8},"end":{"line":10,"column":null}},"5":{"start":{"line":3,"column":0},"end":{"line":3,"column":13}}},"fnMap":{"0":{"name":"(anonymous_0)","decl":{"start":{"line":4,"column":2},"end":{"line":4,"column":32}},"loc":{"start":{"line":4,"column":57},"end":{"line":4,"column":61}}},"1":{"name":"(anonymous_1)","decl":{"start":{"line":6,"column":2},"end":{"line":6,"column":10}},"loc":{"start":{"line":6,"column":22},"end":{"line":13,"column":3}}}},"branchMap":{"0":{"loc":{"start":{"line":9,"column":6},"end":{"line":11,"column":null}},"type":"if","locations":[{"start":{"line":9,"column":6},"end":{"line":11,"column":null}}]}},"s":{"0":11,"1":6,"2":17,"3":17,"4":2,"5":7},"f":{"0":11,"1":6},"b":{"0":[2]}}
}
