{"/home/wallace/cursos/clean-node-api/src/data/usecases/account/add-account/db-addccount.ts": {"path":"/home/wallace/cursos/clean-node-api/src/data/usecases/account/add-account/db-addccount.ts","statementMap":{"0":{"start":{"line":5,"column":21},"end":{"line":5,"column":35}},"1":{"start":{"line":6,"column":21},"end":{"line":6,"column":63}},"2":{"start":{"line":7,"column":21},"end":{"line":7,"column":79}},"3":{"start":{"line":10,"column":20},"end":{"line":10,"column":90}},"4":{"start":{"line":11,"column":4},"end":{"line":15,"column":null}},"5":{"start":{"line":12,"column":29},"end":{"line":12,"column":73}},"6":{"start":{"line":13,"column":25},"end":{"line":13,"column":122}},"7":{"start":{"line":14,"column":6},"end":{"line":14,"column":null}},"8":{"start":{"line":16,"column":4},"end":{"line":16,"column":null}},"9":{"start":{"line":3,"column":0},"end":{"line":3,"column":13}}},"fnMap":{"0":{"name":"(anonymous_0)","decl":{"start":{"line":4,"column":2},"end":{"line":4,"column":null}},"loc":{"start":{"line":7,"column":79},"end":{"line":7,"column":83}}},"1":{"name":"(anonymous_1)","decl":{"start":{"line":9,"column":2},"end":{"line":9,"column":7}},"loc":{"start":{"line":9,"column":42},"end":{"line":17,"column":3}}}},"branchMap":{"0":{"loc":{"start":{"line":11,"column":4},"end":{"line":15,"column":null}},"type":"if","locations":[{"start":{"line":11,"column":4},"end":{"line":15,"column":null}}]}},"s":{"0":14,"1":14,"2":14,"3":8,"4":8,"5":7,"6":6,"7":5,"8":1,"9":8},"f":{"0":14,"1":8},"b":{"0":[7]}}
,"/home/wallace/cursos/clean-node-api/src/data/usecases/account/authentication/db-authentication.ts": {"path":"/home/wallace/cursos/clean-node-api/src/data/usecases/account/authentication/db-authentication.ts","statementMap":{"0":{"start":{"line":12,"column":21},"end":{"line":12,"column":79}},"1":{"start":{"line":13,"column":21},"end":{"line":13,"column":47}},"2":{"start":{"line":14,"column":21},"end":{"line":14,"column":41}},"3":{"start":{"line":15,"column":21},"end":{"line":15,"column":77}},"4":{"start":{"line":19,"column":20},"end":{"line":19,"column":99}},"5":{"start":{"line":20,"column":4},"end":{"line":27,"column":null}},"6":{"start":{"line":21,"column":22},"end":{"line":21,"column":102}},"7":{"start":{"line":22,"column":6},"end":{"line":26,"column":null}},"8":{"start":{"line":23,"column":28},"end":{"line":23,"column":68}},"9":{"start":{"line":24,"column":8},"end":{"line":24,"column":null}},"10":{"start":{"line":25,"column":8},"end":{"line":25,"column":null}},"11":{"start":{"line":28,"column":4},"end":{"line":28,"column":null}},"12":{"start":{"line":10,"column":0},"end":{"line":10,"column":13}}},"fnMap":{"0":{"name":"(anonymous_0)","decl":{"start":{"line":11,"column":2},"end":{"line":11,"column":null}},"loc":{"start":{"line":15,"column":77},"end":{"line":16,"column":6}}},"1":{"name":"(anonymous_1)","decl":{"start":{"line":18,"column":2},"end":{"line":18,"column":7}},"loc":{"start":{"line":18,"column":56},"end":{"line":29,"column":3}}}},"branchMap":{"0":{"loc":{"start":{"line":20,"column":4},"end":{"line":27,"column":null}},"type":"if","locations":[{"start":{"line":20,"column":4},"end":{"line":27,"column":null}}]},"1":{"loc":{"start":{"line":22,"column":6},"end":{"line":26,"column":null}},"type":"if","locations":[{"start":{"line":22,"column":6},"end":{"line":26,"column":null}}]}},"s":{"0":25,"1":25,"2":25,"3":25,"4":14,"5":13,"6":11,"7":10,"8":9,"9":8,"10":7,"11":3,"12":8},"f":{"0":25,"1":14},"b":{"0":[11],"1":[9]}}
,"/home/wallace/cursos/clean-node-api/src/data/usecases/account/load-account-by-token/db-load-account-by-token.ts": {"path":"/home/wallace/cursos/clean-node-api/src/data/usecases/account/load-account-by-token/db-load-account-by-token.ts","statementMap":{"0":{"start":{"line":5,"column":21},"end":{"line":5,"column":41}},"1":{"start":{"line":6,"column":21},"end":{"line":6,"column":79}},"2":{"start":{"line":10,"column":18},"end":{"line":10,"column":59}},"3":{"start":{"line":11,"column":4},"end":{"line":16,"column":null}},"4":{"start":{"line":12,"column":22},"end":{"line":12,"column":92}},"5":{"start":{"line":13,"column":6},"end":{"line":15,"column":null}},"6":{"start":{"line":14,"column":8},"end":{"line":14,"column":null}},"7":{"start":{"line":17,"column":4},"end":{"line":17,"column":null}},"8":{"start":{"line":3,"column":0},"end":{"line":3,"column":13}}},"fnMap":{"0":{"name":"(anonymous_0)","decl":{"start":{"line":4,"column":2},"end":{"line":4,"column":null}},"loc":{"start":{"line":6,"column":79},"end":{"line":7,"column":6}}},"1":{"name":"(anonymous_1)","decl":{"start":{"line":9,"column":2},"end":{"line":9,"column":7}},"loc":{"start":{"line":9,"column":48},"end":{"line":18,"column":3}}}},"branchMap":{"0":{"loc":{"start":{"line":11,"column":4},"end":{"line":16,"column":null}},"type":"if","locations":[{"start":{"line":11,"column":4},"end":{"line":16,"column":null}}]},"1":{"loc":{"start":{"line":13,"column":6},"end":{"line":15,"column":null}},"type":"if","locations":[{"start":{"line":13,"column":6},"end":{"line":15,"column":null}}]}},"s":{"0":21,"1":21,"2":11,"3":10,"4":9,"5":8,"6":7,"7":2,"8":8},"f":{"0":21,"1":11},"b":{"0":[9],"1":[7]}}
,"/home/wallace/cursos/clean-node-api/src/data/usecases/survey-result/load-survey-result/db-load-survey-result.ts": {"path":"/home/wallace/cursos/clean-node-api/src/data/usecases/survey-result/load-survey-result/db-load-survey-result.ts","statementMap":{"0":{"start":{"line":5,"column":21},"end":{"line":5,"column":75}},"1":{"start":{"line":6,"column":21},"end":{"line":6,"column":71}},"2":{"start":{"line":10,"column":23},"end":{"line":10,"column":85}},"3":{"start":{"line":11,"column":4},"end":{"line":22,"column":null}},"4":{"start":{"line":12,"column":21},"end":{"line":12,"column":75}},"5":{"start":{"line":13,"column":6},"end":{"line":21,"column":null}},"6":{"start":{"line":17,"column":46},"end":{"line":20,"column":10}},"7":{"start":{"line":23,"column":4},"end":{"line":23,"column":null}},"8":{"start":{"line":3,"column":0},"end":{"line":3,"column":13}}},"fnMap":{"0":{"name":"(anonymous_0)","decl":{"start":{"line":4,"column":2},"end":{"line":4,"column":null}},"loc":{"start":{"line":6,"column":71},"end":{"line":7,"column":6}}},"1":{"name":"(anonymous_1)","decl":{"start":{"line":9,"column":2},"end":{"line":9,"column":7}},"loc":{"start":{"line":9,"column":30},"end":{"line":24,"column":3}}},"2":{"name":"(anonymous_2)","decl":{"start":{"line":17,"column":36},"end":{"line":17,"column":42}},"loc":{"start":{"line":17,"column":46},"end":{"line":20,"column":10}}}},"branchMap":{"0":{"loc":{"start":{"line":11,"column":4},"end":{"line":22,"column":null}},"type":"if","locations":[{"start":{"line":11,"column":4},"end":{"line":22,"column":null}}]}},"s":{"0":12,"1":12,"2":6,"3":5,"4":3,"5":3,"6":6,"7":5,"8":8},"f":{"0":12,"1":6,"2":6},"b":{"0":[3]}}
,"/home/wallace/cursos/clean-node-api/src/data/usecases/survey-result/save-survey-result/db-save-survey-result.ts": {"path":"/home/wallace/cursos/clean-node-api/src/data/usecases/survey-result/save-survey-result/db-save-survey-result.ts","statementMap":{"0":{"start":{"line":5,"column":21},"end":{"line":5,"column":75}},"1":{"start":{"line":6,"column":21},"end":{"line":6,"column":75}},"2":{"start":{"line":10,"column":4},"end":{"line":10,"column":null}},"3":{"start":{"line":11,"column":25},"end":{"line":11,"column":92}},"4":{"start":{"line":12,"column":4},"end":{"line":12,"column":null}},"5":{"start":{"line":3,"column":0},"end":{"line":3,"column":13}}},"fnMap":{"0":{"name":"(anonymous_0)","decl":{"start":{"line":4,"column":2},"end":{"line":4,"column":null}},"loc":{"start":{"line":6,"column":75},"end":{"line":7,"column":6}}},"1":{"name":"(anonymous_1)","decl":{"start":{"line":9,"column":2},"end":{"line":9,"column":7}},"loc":{"start":{"line":9,"column":42},"end":{"line":13,"column":3}}}},"branchMap":{},"s":{"0":12,"1":12,"2":6,"3":5,"4":4,"5":8},"f":{"0":12,"1":6},"b":{}}
,"/home/wallace/cursos/clean-node-api/src/data/usecases/survey/add-survey/db-add-survey.ts": {"path":"/home/wallace/cursos/clean-node-api/src/data/usecases/survey/add-survey/db-add-survey.ts","statementMap":{"0":{"start":{"line":4,"column":32},"end":{"line":4,"column":72}},"1":{"start":{"line":7,"column":4},"end":{"line":7,"column":null}},"2":{"start":{"line":3,"column":0},"end":{"line":3,"column":13}}},"fnMap":{"0":{"name":"(anonymous_0)","decl":{"start":{"line":4,"column":2},"end":{"line":4,"column":32}},"loc":{"start":{"line":4,"column":72},"end":{"line":4,"column":76}}},"1":{"name":"(anonymous_1)","decl":{"start":{"line":6,"column":2},"end":{"line":6,"column":7}},"loc":{"start":{"line":6,"column":34},"end":{"line":8,"column":3}}}},"branchMap":{},"s":{"0":9,"1":3,"2":8},"f":{"0":9,"1":3},"b":{}}
,"/home/wallace/cursos/clean-node-api/src/data/usecases/survey/load-survey-by-id/db-load-survey-by-id.ts": {"path":"/home/wallace/cursos/clean-node-api/src/data/usecases/survey/load-survey-by-id/db-load-survey-by-id.ts","statementMap":{"0":{"start":{"line":4,"column":32},"end":{"line":4,"column":82}},"1":{"start":{"line":6,"column":19},"end":{"line":6,"column":67}},"2":{"start":{"line":7,"column":4},"end":{"line":7,"column":null}},"3":{"start":{"line":3,"column":0},"end":{"line":3,"column":13}}},"fnMap":{"0":{"name":"(anonymous_0)","decl":{"start":{"line":4,"column":2},"end":{"line":4,"column":32}},"loc":{"start":{"line":4,"column":82},"end":{"line":4,"column":86}}},"1":{"name":"(anonymous_1)","decl":{"start":{"line":5,"column":2},"end":{"line":5,"column":7}},"loc":{"start":{"line":5,"column":28},"end":{"line":8,"column":3}}}},"branchMap":{},"s":{"0":17,"1":5,"2":4,"3":8},"f":{"0":17,"1":5},"b":{}}
,"/home/wallace/cursos/clean-node-api/src/data/usecases/survey/load-surveys/db-load-surveys.ts": {"path":"/home/wallace/cursos/clean-node-api/src/data/usecases/survey/load-surveys/db-load-surveys.ts","statementMap":{"0":{"start":{"line":4,"column":32},"end":{"line":4,"column":76}},"1":{"start":{"line":6,"column":20},"end":{"line":6,"column":62}},"2":{"start":{"line":7,"column":4},"end":{"line":7,"column":null}},"3":{"start":{"line":3,"column":0},"end":{"line":3,"column":13}}},"fnMap":{"0":{"name":"(anonymous_0)","decl":{"start":{"line":4,"column":2},"end":{"line":4,"column":32}},"loc":{"start":{"line":4,"column":76},"end":{"line":4,"column":80}}},"1":{"name":"(anonymous_1)","decl":{"start":{"line":5,"column":2},"end":{"line":5,"column":7}},"loc":{"start":{"line":5,"column":12},"end":{"line":8,"column":3}}}},"branchMap":{},"s":{"0":10,"1":4,"2":3,"3":8},"f":{"0":10,"1":4},"b":{}}
,"/home/wallace/cursos/clean-node-api/src/infra/criptography/bcrypt-adapter/bcrypt-adapter.ts": {"path":"/home/wallace/cursos/clean-node-api/src/infra/criptography/bcrypt-adapter/bcrypt-adapter.ts","statementMap":{"0":{"start":{"line":3,"column":0},"end":{"line":3,"column":27}},"1":{"start":{"line":6,"column":32},"end":{"line":6,"column":44}},"2":{"start":{"line":9,"column":19},"end":{"line":9,"column":57}},"3":{"start":{"line":10,"column":4},"end":{"line":10,"column":null}},"4":{"start":{"line":14,"column":20},"end":{"line":14,"column":59}},"5":{"start":{"line":15,"column":4},"end":{"line":15,"column":null}},"6":{"start":{"line":5,"column":0},"end":{"line":5,"column":13}}},"fnMap":{"0":{"name":"(anonymous_1)","decl":{"start":{"line":6,"column":2},"end":{"line":6,"column":32}},"loc":{"start":{"line":6,"column":44},"end":{"line":6,"column":49}}},"1":{"name":"(anonymous_2)","decl":{"start":{"line":8,"column":2},"end":{"line":8,"column":7}},"loc":{"start":{"line":8,"column":31},"end":{"line":11,"column":3}}},"2":{"name":"(anonymous_3)","decl":{"start":{"line":13,"column":2},"end":{"line":13,"column":7}},"loc":{"start":{"line":13,"column":50},"end":{"line":16,"column":3}}}},"branchMap":{},"s":{"0":8,"1":28,"2":5,"3":3,"4":5,"5":5,"6":8},"f":{"0":28,"1":5,"2":5},"b":{}}
,"/home/wallace/cursos/clean-node-api/src/infra/criptography/jwt-adapter/jwt-adapter.ts": {"path":"/home/wallace/cursos/clean-node-api/src/infra/criptography/jwt-adapter/jwt-adapter.ts","statementMap":{"0":{"start":{"line":3,"column":0},"end":{"line":3,"column":30}},"1":{"start":{"line":6,"column":32},"end":{"line":6,"column":46}},"2":{"start":{"line":9,"column":23},"end":{"line":9,"column":63}},"3":{"start":{"line":10,"column":4},"end":{"line":10,"column":null}},"4":{"start":{"line":14,"column":27},"end":{"line":14,"column":62}},"5":{"start":{"line":15,"column":4},"end":{"line":15,"column":null}},"6":{"start":{"line":5,"column":0},"end":{"line":5,"column":13}}},"fnMap":{"0":{"name":"(anonymous_1)","decl":{"start":{"line":6,"column":2},"end":{"line":6,"column":32}},"loc":{"start":{"line":6,"column":46},"end":{"line":6,"column":51}}},"1":{"name":"(anonymous_2)","decl":{"start":{"line":8,"column":2},"end":{"line":8,"column":7}},"loc":{"start":{"line":8,"column":34},"end":{"line":11,"column":3}}},"2":{"name":"(anonymous_3)","decl":{"start":{"line":13,"column":2},"end":{"line":13,"column":7}},"loc":{"start":{"line":13,"column":35},"end":{"line":16,"column":3}}}},"branchMap":{},"s":{"0":8,"1":34,"2":5,"3":4,"4":7,"5":6,"6":8},"f":{"0":34,"1":5,"2":7},"b":{}}
,"/home/wallace/cursos/clean-node-api/src/infra/db/mongodb/Survey-result/survey-result-mongo-repository.ts": {"path":"/home/wallace/cursos/clean-node-api/src/infra/db/mongodb/Survey-result/survey-result-mongo-repository.ts","statementMap":{"0":{"start":{"line":1,"column":0},"end":{"line":1,"column":55}},"1":{"start":{"line":6,"column":0},"end":{"line":6,"column":34}},"2":{"start":{"line":10,"column":35},"end":{"line":10,"column":82}},"3":{"start":{"line":11,"column":27},"end":{"line":11,"column":54}},"4":{"start":{"line":12,"column":28},"end":{"line":12,"column":56}},"5":{"start":{"line":13,"column":4},"end":{"line":23,"column":null}},"6":{"start":{"line":27,"column":27},"end":{"line":27,"column":49}},"7":{"start":{"line":28,"column":35},"end":{"line":28,"column":82}},"8":{"start":{"line":29,"column":18},"end":{"line":181,"column":14}},"9":{"start":{"line":182,"column":25},"end":{"line":182,"column":80}},"10":{"start":{"line":183,"column":4},"end":{"line":183,"column":null}},"11":{"start":{"line":8,"column":0},"end":{"line":8,"column":13}}},"fnMap":{"0":{"name":"(anonymous_0)","decl":{"start":{"line":9,"column":2},"end":{"line":9,"column":7}},"loc":{"start":{"line":9,"column":42},"end":{"line":24,"column":3}}},"1":{"name":"(anonymous_1)","decl":{"start":{"line":26,"column":2},"end":{"line":26,"column":7}},"loc":{"start":{"line":26,"column":40},"end":{"line":184,"column":3}}}},"branchMap":{"0":{"loc":{"start":{"line":183,"column":11},"end":{"line":183,"column":72}},"type":"cond-expr","locations":[{"start":{"line":183,"column":33},"end":{"line":183,"column":65}},{"start":{"line":183,"column":68},"end":{"line":183,"column":72}}]}},"s":{"0":8,"1":8,"2":3,"3":3,"4":3,"5":3,"6":4,"7":4,"8":4,"9":4,"10":4,"11":8},"f":{"0":3,"1":4},"b":{"0":[2,2]}}
,"/home/wallace/cursos/clean-node-api/src/infra/db/mongodb/account/account-mongo-repository.ts": {"path":"/home/wallace/cursos/clean-node-api/src/infra/db/mongodb/account/account-mongo-repository.ts","statementMap":{"0":{"start":{"line":1,"column":0},"end":{"line":1,"column":54}},"1":{"start":{"line":8,"column":0},"end":{"line":8,"column":34}},"2":{"start":{"line":12,"column":30},"end":{"line":12,"column":72}},"3":{"start":{"line":13,"column":19},"end":{"line":13,"column":58}},"4":{"start":{"line":14,"column":28},"end":{"line":14,"column":87}},"5":{"start":{"line":15,"column":4},"end":{"line":15,"column":null}},"6":{"start":{"line":19,"column":30},"end":{"line":19,"column":72}},"7":{"start":{"line":20,"column":20},"end":{"line":20,"column":62}},"8":{"start":{"line":21,"column":4},"end":{"line":21,"column":null}},"9":{"start":{"line":25,"column":30},"end":{"line":25,"column":72}},"10":{"start":{"line":26,"column":4},"end":{"line":32,"column":null}},"11":{"start":{"line":36,"column":30},"end":{"line":36,"column":72}},"12":{"start":{"line":37,"column":20},"end":{"line":44,"column":6}},"13":{"start":{"line":45,"column":4},"end":{"line":45,"column":null}},"14":{"start":{"line":10,"column":0},"end":{"line":10,"column":13}}},"fnMap":{"0":{"name":"(anonymous_0)","decl":{"start":{"line":11,"column":2},"end":{"line":11,"column":7}},"loc":{"start":{"line":11,"column":35},"end":{"line":16,"column":3}}},"1":{"name":"(anonymous_1)","decl":{"start":{"line":18,"column":2},"end":{"line":18,"column":7}},"loc":{"start":{"line":18,"column":34},"end":{"line":22,"column":3}}},"2":{"name":"(anonymous_2)","decl":{"start":{"line":24,"column":2},"end":{"line":24,"column":7}},"loc":{"start":{"line":24,"column":52},"end":{"line":33,"column":3}}},"3":{"name":"(anonymous_3)","decl":{"start":{"line":35,"column":2},"end":{"line":35,"column":7}},"loc":{"start":{"line":35,"column":49},"end":{"line":46,"column":3}}}},"branchMap":{"0":{"loc":{"start":{"line":21,"column":11},"end":{"line":21,"column":46}},"type":"binary-expr","locations":[{"start":{"line":21,"column":11},"end":{"line":21,"column":18}},{"start":{"line":21,"column":22},"end":{"line":21,"column":46}}]},"1":{"loc":{"start":{"line":45,"column":11},"end":{"line":45,"column":46}},"type":"binary-expr","locations":[{"start":{"line":45,"column":11},"end":{"line":45,"column":18}},{"start":{"line":45,"column":22},"end":{"line":45,"column":46}}]}},"s":{"0":8,"1":8,"2":1,"3":1,"4":1,"5":1,"6":7,"7":7,"8":7,"9":3,"10":3,"11":9,"12":9,"13":9,"14":8},"f":{"0":1,"1":7,"2":3,"3":9},"b":{"0":[7,4],"1":[9,7]}}
,"/home/wallace/cursos/clean-node-api/src/infra/db/mongodb/helpers/index.ts": {"path":"/home/wallace/cursos/clean-node-api/src/infra/db/mongodb/helpers/index.ts","statementMap":{"0":{"start":{"line":1,"column":0},"end":{"line":1,"column":31}},"1":{"start":{"line":2,"column":0},"end":{"line":2,"column":31}}},"fnMap":{},"branchMap":{},"s":{"0":8,"1":8},"f":{},"b":{}}
,"/home/wallace/cursos/clean-node-api/src/infra/db/mongodb/helpers/mongo-helpers.ts": {"path":"/home/wallace/cursos/clean-node-api/src/infra/db/mongodb/helpers/mongo-helpers.ts","statementMap":{"0":{"start":{"line":1,"column":0},"end":{"line":1,"column":49}},"1":{"start":{"line":3,"column":13},"end":{"line":32,"column":null}},"2":{"start":{"line":8,"column":4},"end":{"line":8,"column":null}},"3":{"start":{"line":9,"column":4},"end":{"line":9,"column":null}},"4":{"start":{"line":13,"column":4},"end":{"line":13,"column":null}},"5":{"start":{"line":14,"column":4},"end":{"line":14,"column":null}},"6":{"start":{"line":18,"column":4},"end":{"line":20,"column":null}},"7":{"start":{"line":19,"column":6},"end":{"line":19,"column":null}},"8":{"start":{"line":21,"column":4},"end":{"line":21,"column":null}},"9":{"start":{"line":25,"column":29},"end":{"line":25,"column":33}},"10":{"start":{"line":26,"column":4},"end":{"line":26,"column":null}},"11":{"start":{"line":30,"column":4},"end":{"line":30,"column":null}},"12":{"start":{"line":30,"column":31},"end":{"line":30,"column":49}}},"fnMap":{"0":{"name":"(anonymous_0)","decl":{"start":{"line":7,"column":2},"end":{"line":7,"column":7}},"loc":{"start":{"line":7,"column":29},"end":{"line":10,"column":3}}},"1":{"name":"(anonymous_1)","decl":{"start":{"line":12,"column":2},"end":{"line":12,"column":7}},"loc":{"start":{"line":12,"column":18},"end":{"line":15,"column":3}}},"2":{"name":"(anonymous_2)","decl":{"start":{"line":17,"column":2},"end":{"line":17,"column":7}},"loc":{"start":{"line":17,"column":34},"end":{"line":22,"column":3}}},"3":{"name":"(anonymous_3)","decl":{"start":{"line":24,"column":7},"end":{"line":24,"column":8}},"loc":{"start":{"line":24,"column":26},"end":{"line":27,"column":3}}},"4":{"name":"(anonymous_4)","decl":{"start":{"line":29,"column":17},"end":{"line":29,"column":18}},"loc":{"start":{"line":29,"column":46},"end":{"line":31,"column":3}}},"5":{"name":"(anonymous_5)","decl":{"start":{"line":30,"column":26},"end":{"line":30,"column":27}},"loc":{"start":{"line":30,"column":31},"end":{"line":30,"column":49}}}},"branchMap":{"0":{"loc":{"start":{"line":18,"column":4},"end":{"line":20,"column":null}},"type":"if","locations":[{"start":{"line":18,"column":4},"end":{"line":20,"column":null}}]}},"s":{"0":12,"1":12,"2":9,"3":9,"4":9,"5":9,"6":88,"7":1,"8":88,"9":27,"10":27,"11":3,"12":2},"f":{"0":9,"1":9,"2":88,"3":27,"4":3,"5":2},"b":{"0":[1]}}
,"/home/wallace/cursos/clean-node-api/src/infra/db/mongodb/helpers/query-builder.ts": {"path":"/home/wallace/cursos/clean-node-api/src/infra/db/mongodb/helpers/query-builder.ts","statementMap":{"0":{"start":{"line":2,"column":19},"end":{"line":2,"column":null}},"1":{"start":{"line":5,"column":4},"end":{"line":7,"column":null}},"2":{"start":{"line":8,"column":4},"end":{"line":8,"column":null}},"3":{"start":{"line":12,"column":4},"end":{"line":12,"column":null}},"4":{"start":{"line":16,"column":4},"end":{"line":16,"column":null}},"5":{"start":{"line":20,"column":4},"end":{"line":20,"column":null}},"6":{"start":{"line":24,"column":4},"end":{"line":24,"column":null}},"7":{"start":{"line":28,"column":4},"end":{"line":28,"column":null}},"8":{"start":{"line":32,"column":4},"end":{"line":32,"column":null}},"9":{"start":{"line":36,"column":4},"end":{"line":36,"column":null}},"10":{"start":{"line":1,"column":0},"end":{"line":1,"column":13}}},"fnMap":{"0":{"name":"(anonymous_0)","decl":{"start":{"line":1,"column":0},"end":{"line":1,"column":13}},"loc":{"start":{"line":1,"column":0},"end":{"line":38,"column":1}}},"1":{"name":"(anonymous_1)","decl":{"start":{"line":4,"column":10},"end":{"line":4,"column":17}},"loc":{"start":{"line":4,"column":45},"end":{"line":9,"column":3}}},"2":{"name":"(anonymous_2)","decl":{"start":{"line":11,"column":2},"end":{"line":11,"column":7}},"loc":{"start":{"line":11,"column":21},"end":{"line":13,"column":3}}},"3":{"name":"(anonymous_3)","decl":{"start":{"line":15,"column":2},"end":{"line":15,"column":7}},"loc":{"start":{"line":15,"column":21},"end":{"line":17,"column":3}}},"4":{"name":"(anonymous_4)","decl":{"start":{"line":19,"column":2},"end":{"line":19,"column":6}},"loc":{"start":{"line":19,"column":20},"end":{"line":21,"column":3}}},"5":{"name":"(anonymous_5)","decl":{"start":{"line":23,"column":2},"end":{"line":23,"column":8}},"loc":{"start":{"line":23,"column":22},"end":{"line":25,"column":3}}},"6":{"name":"(anonymous_6)","decl":{"start":{"line":27,"column":2},"end":{"line":27,"column":8}},"loc":{"start":{"line":27,"column":22},"end":{"line":29,"column":3}}},"7":{"name":"(anonymous_7)","decl":{"start":{"line":31,"column":2},"end":{"line":31,"column":9}},"loc":{"start":{"line":31,"column":23},"end":{"line":33,"column":3}}},"8":{"name":"(anonymous_8)","decl":{"start":{"line":35,"column":2},"end":{"line":35,"column":7}},"loc":{"start":{"line":35,"column":7},"end":{"line":37,"column":3}}}},"branchMap":{},"s":{"0":4,"1":60,"2":60,"3":4,"4":20,"5":4,"6":12,"7":4,"8":16,"9":4,"10":8},"f":{"0":4,"1":60,"2":4,"3":20,"4":4,"5":12,"6":4,"7":16,"8":4},"b":{}}
,"/home/wallace/cursos/clean-node-api/src/infra/db/mongodb/log/log-mongo-repository.ts": {"path":"/home/wallace/cursos/clean-node-api/src/infra/db/mongodb/log/log-mongo-repository.ts","statementMap":{"0":{"start":{"line":1,"column":0},"end":{"line":1,"column":54}},"1":{"start":{"line":6,"column":28},"end":{"line":6,"column":68}},"2":{"start":{"line":7,"column":4},"end":{"line":10,"column":null}},"3":{"start":{"line":4,"column":0},"end":{"line":4,"column":13}}},"fnMap":{"0":{"name":"(anonymous_0)","decl":{"start":{"line":5,"column":2},"end":{"line":5,"column":7}},"loc":{"start":{"line":5,"column":31},"end":{"line":11,"column":3}}}},"branchMap":{},"s":{"0":8,"1":1,"2":1,"3":8},"f":{"0":1},"b":{}}
,"/home/wallace/cursos/clean-node-api/src/infra/db/mongodb/survey/survey-mongo-repository.ts": {"path":"/home/wallace/cursos/clean-node-api/src/infra/db/mongodb/survey/survey-mongo-repository.ts","statementMap":{"0":{"start":{"line":1,"column":0},"end":{"line":1,"column":54}},"1":{"start":{"line":6,"column":0},"end":{"line":6,"column":34}},"2":{"start":{"line":10,"column":29},"end":{"line":10,"column":70}},"3":{"start":{"line":11,"column":19},"end":{"line":11,"column":57}},"4":{"start":{"line":12,"column":4},"end":{"line":12,"column":null}},"5":{"start":{"line":16,"column":29},"end":{"line":16,"column":70}},"6":{"start":{"line":17,"column":20},"end":{"line":17,"column":59}},"7":{"start":{"line":18,"column":4},"end":{"line":18,"column":null}},"8":{"start":{"line":22,"column":29},"end":{"line":22,"column":70}},"9":{"start":{"line":23,"column":19},"end":{"line":23,"column":76}},"10":{"start":{"line":24,"column":4},"end":{"line":24,"column":null}},"11":{"start":{"line":8,"column":0},"end":{"line":8,"column":13}}},"fnMap":{"0":{"name":"(anonymous_0)","decl":{"start":{"line":9,"column":2},"end":{"line":9,"column":7}},"loc":{"start":{"line":9,"column":34},"end":{"line":13,"column":3}}},"1":{"name":"(anonymous_1)","decl":{"start":{"line":15,"column":2},"end":{"line":15,"column":7}},"loc":{"start":{"line":15,"column":15},"end":{"line":19,"column":3}}},"2":{"name":"(anonymous_2)","decl":{"start":{"line":21,"column":2},"end":{"line":21,"column":7}},"loc":{"start":{"line":21,"column":28},"end":{"line":25,"column":3}}}},"branchMap":{"0":{"loc":{"start":{"line":24,"column":11},"end":{"line":24,"column":44}},"type":"binary-expr","locations":[{"start":{"line":24,"column":11},"end":{"line":24,"column":17}},{"start":{"line":24,"column":21},"end":{"line":24,"column":44}}]}},"s":{"0":9,"1":9,"2":2,"3":2,"4":2,"5":3,"6":3,"7":3,"8":8,"9":8,"10":8,"11":9},"f":{"0":2,"1":3,"2":8},"b":{"0":[8,8]}}
,"/home/wallace/cursos/clean-node-api/src/infra/validators/email-validator-adapter.ts": {"path":"/home/wallace/cursos/clean-node-api/src/infra/validators/email-validator-adapter.ts","statementMap":{"0":{"start":{"line":2,"column":0},"end":{"line":2,"column":33}},"1":{"start":{"line":6,"column":4},"end":{"line":6,"column":null}},"2":{"start":{"line":4,"column":0},"end":{"line":4,"column":13}}},"fnMap":{"0":{"name":"(anonymous_1)","decl":{"start":{"line":5,"column":2},"end":{"line":5,"column":9}},"loc":{"start":{"line":5,"column":24},"end":{"line":7,"column":3}}}},"branchMap":{},"s":{"0":10,"1":6,"2":10},"f":{"0":6},"b":{}}
,"/home/wallace/cursos/clean-node-api/src/presentation/controllers/login/login/login-controller.ts": {"path":"/home/wallace/cursos/clean-node-api/src/presentation/controllers/login/login/login-controller.ts","statementMap":{"0":{"start":{"line":2,"column":0},"end":{"line":2,"column":100}},"1":{"start":{"line":6,"column":21},"end":{"line":6,"column":51}},"2":{"start":{"line":7,"column":21},"end":{"line":7,"column":43}},"3":{"start":{"line":10,"column":4},"end":{"line":26,"column":null}},"4":{"start":{"line":11,"column":20},"end":{"line":11,"column":62}},"5":{"start":{"line":12,"column":6},"end":{"line":14,"column":null}},"6":{"start":{"line":13,"column":8},"end":{"line":13,"column":null}},"7":{"start":{"line":15,"column":34},"end":{"line":15,"column":50}},"8":{"start":{"line":16,"column":26},"end":{"line":19,"column":8}},"9":{"start":{"line":20,"column":6},"end":{"line":22,"column":null}},"10":{"start":{"line":21,"column":8},"end":{"line":21,"column":null}},"11":{"start":{"line":23,"column":6},"end":{"line":23,"column":null}},"12":{"start":{"line":25,"column":6},"end":{"line":25,"column":null}},"13":{"start":{"line":4,"column":0},"end":{"line":4,"column":13}}},"fnMap":{"0":{"name":"(anonymous_0)","decl":{"start":{"line":5,"column":2},"end":{"line":5,"column":null}},"loc":{"start":{"line":7,"column":43},"end":{"line":7,"column":47}}},"1":{"name":"(anonymous_1)","decl":{"start":{"line":9,"column":2},"end":{"line":9,"column":7}},"loc":{"start":{"line":9,"column":40},"end":{"line":27,"column":3}}}},"branchMap":{"0":{"loc":{"start":{"line":12,"column":6},"end":{"line":14,"column":null}},"type":"if","locations":[{"start":{"line":12,"column":6},"end":{"line":14,"column":null}}]},"1":{"loc":{"start":{"line":20,"column":6},"end":{"line":22,"column":null}},"type":"if","locations":[{"start":{"line":20,"column":6},"end":{"line":22,"column":null}}]}},"s":{"0":8,"1":13,"2":13,"3":8,"4":8,"5":8,"6":1,"7":7,"8":7,"9":6,"10":2,"11":4,"12":1,"13":8},"f":{"0":13,"1":8},"b":{"0":[1],"1":[2]}}
,"/home/wallace/cursos/clean-node-api/src/presentation/controllers/login/signup/signup-controller.ts": {"path":"/home/wallace/cursos/clean-node-api/src/presentation/controllers/login/signup/signup-controller.ts","statementMap":{"0":{"start":{"line":2,"column":0},"end":{"line":2,"column":97}},"1":{"start":{"line":4,"column":0},"end":{"line":4,"column":55}},"2":{"start":{"line":8,"column":21},"end":{"line":8,"column":43}},"3":{"start":{"line":9,"column":21},"end":{"line":9,"column":43}},"4":{"start":{"line":10,"column":21},"end":{"line":10,"column":51}},"5":{"start":{"line":13,"column":4},"end":{"line":34,"column":null}},"6":{"start":{"line":14,"column":20},"end":{"line":14,"column":62}},"7":{"start":{"line":15,"column":6},"end":{"line":17,"column":null}},"8":{"start":{"line":16,"column":8},"end":{"line":16,"column":null}},"9":{"start":{"line":18,"column":40},"end":{"line":18,"column":56}},"10":{"start":{"line":19,"column":22},"end":{"line":23,"column":8}},"11":{"start":{"line":24,"column":6},"end":{"line":26,"column":null}},"12":{"start":{"line":25,"column":8},"end":{"line":25,"column":null}},"13":{"start":{"line":27,"column":26},"end":{"line":30,"column":9}},"14":{"start":{"line":31,"column":6},"end":{"line":31,"column":null}},"15":{"start":{"line":33,"column":6},"end":{"line":33,"column":null}},"16":{"start":{"line":6,"column":0},"end":{"line":6,"column":13}}},"fnMap":{"0":{"name":"(anonymous_0)","decl":{"start":{"line":7,"column":2},"end":{"line":7,"column":null}},"loc":{"start":{"line":10,"column":51},"end":{"line":10,"column":56}}},"1":{"name":"(anonymous_1)","decl":{"start":{"line":12,"column":2},"end":{"line":12,"column":7}},"loc":{"start":{"line":12,"column":40},"end":{"line":35,"column":3}}}},"branchMap":{"0":{"loc":{"start":{"line":15,"column":6},"end":{"line":17,"column":null}},"type":"if","locations":[{"start":{"line":15,"column":6},"end":{"line":17,"column":null}}]},"1":{"loc":{"start":{"line":24,"column":6},"end":{"line":26,"column":null}},"type":"if","locations":[{"start":{"line":24,"column":6},"end":{"line":26,"column":null}}]}},"s":{"0":8,"1":8,"2":15,"3":15,"4":15,"5":9,"6":9,"7":9,"8":1,"9":8,"10":8,"11":7,"12":1,"13":6,"14":5,"15":2,"16":8},"f":{"0":15,"1":9},"b":{"0":[1],"1":[1]}}
,"/home/wallace/cursos/clean-node-api/src/presentation/controllers/survey-result/load-survey-result/load-survey-result-controller.ts": {"path":"/home/wallace/cursos/clean-node-api/src/presentation/controllers/survey-result/load-survey-result/load-survey-result-controller.ts","statementMap":{"0":{"start":{"line":1,"column":0},"end":{"line":1,"column":85}},"1":{"start":{"line":3,"column":0},"end":{"line":3,"column":57}},"2":{"start":{"line":7,"column":21},"end":{"line":7,"column":51}},"3":{"start":{"line":8,"column":21},"end":{"line":8,"column":55}},"4":{"start":{"line":12,"column":4},"end":{"line":22,"column":null}},"5":{"start":{"line":13,"column":27},"end":{"line":13,"column":45}},"6":{"start":{"line":14,"column":21},"end":{"line":14,"column":65}},"7":{"start":{"line":15,"column":6},"end":{"line":17,"column":null}},"8":{"start":{"line":16,"column":8},"end":{"line":16,"column":null}},"9":{"start":{"line":18,"column":27},"end":{"line":18,"column":69}},"10":{"start":{"line":19,"column":6},"end":{"line":19,"column":null}},"11":{"start":{"line":21,"column":6},"end":{"line":21,"column":null}},"12":{"start":{"line":5,"column":0},"end":{"line":5,"column":13}}},"fnMap":{"0":{"name":"(anonymous_0)","decl":{"start":{"line":6,"column":2},"end":{"line":6,"column":null}},"loc":{"start":{"line":8,"column":55},"end":{"line":9,"column":6}}},"1":{"name":"(anonymous_1)","decl":{"start":{"line":11,"column":2},"end":{"line":11,"column":7}},"loc":{"start":{"line":11,"column":40},"end":{"line":23,"column":3}}}},"branchMap":{"0":{"loc":{"start":{"line":15,"column":6},"end":{"line":17,"column":null}},"type":"if","locations":[{"start":{"line":15,"column":6},"end":{"line":17,"column":null}}]}},"s":{"0":8,"1":8,"2":13,"3":13,"4":7,"5":7,"6":7,"7":6,"8":1,"9":5,"10":4,"11":2,"12":8},"f":{"0":13,"1":7},"b":{"0":[1]}}
,"/home/wallace/cursos/clean-node-api/src/presentation/controllers/survey-result/savey-survey-result/save-survey-result-controller.ts": {"path":"/home/wallace/cursos/clean-node-api/src/presentation/controllers/survey-result/savey-survey-result/save-survey-result-controller.ts","statementMap":{"0":{"start":{"line":2,"column":0},"end":{"line":2,"column":85}},"1":{"start":{"line":3,"column":0},"end":{"line":3,"column":57}},"2":{"start":{"line":7,"column":21},"end":{"line":7,"column":51}},"3":{"start":{"line":8,"column":21},"end":{"line":8,"column":55}},"4":{"start":{"line":12,"column":4},"end":{"line":34,"column":null}},"5":{"start":{"line":13,"column":27},"end":{"line":13,"column":45}},"6":{"start":{"line":14,"column":25},"end":{"line":14,"column":41}},"7":{"start":{"line":15,"column":28},"end":{"line":15,"column":39}},"8":{"start":{"line":16,"column":21},"end":{"line":16,"column":65}},"9":{"start":{"line":17,"column":6},"end":{"line":24,"column":null}},"10":{"start":{"line":18,"column":24},"end":{"line":18,"column":57}},"11":{"start":{"line":18,"column":48},"end":{"line":18,"column":56}},"12":{"start":{"line":19,"column":8},"end":{"line":21,"column":null}},"13":{"start":{"line":20,"column":10},"end":{"line":20,"column":null}},"14":{"start":{"line":23,"column":8},"end":{"line":23,"column":null}},"15":{"start":{"line":25,"column":27},"end":{"line":30,"column":8}},"16":{"start":{"line":31,"column":6},"end":{"line":31,"column":null}},"17":{"start":{"line":33,"column":6},"end":{"line":33,"column":null}},"18":{"start":{"line":5,"column":0},"end":{"line":5,"column":13}}},"fnMap":{"0":{"name":"(anonymous_0)","decl":{"start":{"line":6,"column":2},"end":{"line":6,"column":null}},"loc":{"start":{"line":8,"column":55},"end":{"line":9,"column":6}}},"1":{"name":"(anonymous_1)","decl":{"start":{"line":11,"column":2},"end":{"line":11,"column":7}},"loc":{"start":{"line":11,"column":40},"end":{"line":35,"column":3}}},"2":{"name":"(anonymous_2)","decl":{"start":{"line":18,"column":43},"end":{"line":18,"column":44}},"loc":{"start":{"line":18,"column":48},"end":{"line":18,"column":56}}}},"branchMap":{"0":{"loc":{"start":{"line":17,"column":6},"end":{"line":24,"column":null}},"type":"if","locations":[{"start":{"line":17,"column":6},"end":{"line":24,"column":null}},{"start":{"line":22,"column":13},"end":{"line":24,"column":null}}]},"1":{"loc":{"start":{"line":19,"column":8},"end":{"line":21,"column":null}},"type":"if","locations":[{"start":{"line":19,"column":8},"end":{"line":21,"column":null}}]}},"s":{"0":8,"1":8,"2":14,"3":14,"4":8,"5":8,"6":8,"7":8,"8":8,"9":7,"10":6,"11":12,"12":6,"13":2,"14":1,"15":4,"16":3,"17":2,"18":8},"f":{"0":14,"1":8,"2":12},"b":{"0":[6,1],"1":[2]}}
,"/home/wallace/cursos/clean-node-api/src/presentation/controllers/survey/add-survey/add-survey-controller.ts": {"path":"/home/wallace/cursos/clean-node-api/src/presentation/controllers/survey/add-survey/add-survey-controller.ts","statementMap":{"0":{"start":{"line":1,"column":0},"end":{"line":1,"column":93}},"1":{"start":{"line":6,"column":21},"end":{"line":6,"column":43}},"2":{"start":{"line":7,"column":21},"end":{"line":7,"column":41}},"3":{"start":{"line":11,"column":4},"end":{"line":25,"column":null}},"4":{"start":{"line":12,"column":20},"end":{"line":12,"column":62}},"5":{"start":{"line":13,"column":6},"end":{"line":15,"column":null}},"6":{"start":{"line":14,"column":8},"end":{"line":14,"column":null}},"7":{"start":{"line":16,"column":36},"end":{"line":16,"column":52}},"8":{"start":{"line":17,"column":6},"end":{"line":21,"column":null}},"9":{"start":{"line":22,"column":6},"end":{"line":22,"column":null}},"10":{"start":{"line":24,"column":6},"end":{"line":24,"column":null}},"11":{"start":{"line":4,"column":0},"end":{"line":4,"column":13}}},"fnMap":{"0":{"name":"(anonymous_0)","decl":{"start":{"line":5,"column":2},"end":{"line":5,"column":null}},"loc":{"start":{"line":7,"column":41},"end":{"line":8,"column":6}}},"1":{"name":"(anonymous_1)","decl":{"start":{"line":10,"column":2},"end":{"line":10,"column":7}},"loc":{"start":{"line":10,"column":40},"end":{"line":26,"column":3}}}},"branchMap":{"0":{"loc":{"start":{"line":13,"column":6},"end":{"line":15,"column":null}},"type":"if","locations":[{"start":{"line":13,"column":6},"end":{"line":15,"column":null}}]}},"s":{"0":8,"1":12,"2":12,"3":6,"4":6,"5":6,"6":1,"7":5,"8":5,"9":4,"10":1,"11":8},"f":{"0":12,"1":6},"b":{"0":[1]}}
,"/home/wallace/cursos/clean-node-api/src/presentation/controllers/survey/load-survey/load-surveys-controller.ts": {"path":"/home/wallace/cursos/clean-node-api/src/presentation/controllers/survey/load-survey/load-surveys-controller.ts","statementMap":{"0":{"start":{"line":2,"column":0},"end":{"line":2,"column":85}},"1":{"start":{"line":5,"column":32},"end":{"line":5,"column":56}},"2":{"start":{"line":7,"column":4},"end":{"line":12,"column":null}},"3":{"start":{"line":8,"column":22},"end":{"line":8,"column":51}},"4":{"start":{"line":9,"column":6},"end":{"line":9,"column":null}},"5":{"start":{"line":11,"column":6},"end":{"line":11,"column":null}},"6":{"start":{"line":4,"column":0},"end":{"line":4,"column":13}}},"fnMap":{"0":{"name":"(anonymous_0)","decl":{"start":{"line":5,"column":2},"end":{"line":5,"column":32}},"loc":{"start":{"line":5,"column":56},"end":{"line":5,"column":60}}},"1":{"name":"(anonymous_1)","decl":{"start":{"line":6,"column":2},"end":{"line":6,"column":7}},"loc":{"start":{"line":6,"column":40},"end":{"line":13,"column":3}}}},"branchMap":{"0":{"loc":{"start":{"line":9,"column":13},"end":{"line":9,"column":55}},"type":"cond-expr","locations":[{"start":{"line":9,"column":30},"end":{"line":9,"column":41}},{"start":{"line":9,"column":44},"end":{"line":9,"column":55}}]}},"s":{"0":8,"1":11,"2":5,"3":5,"4":4,"5":1,"6":8},"f":{"0":11,"1":5},"b":{"0":[2,2]}}
,"/home/wallace/cursos/clean-node-api/src/presentation/errors/access-denied-error.ts": {"path":"/home/wallace/cursos/clean-node-api/src/presentation/errors/access-denied-error.ts","statementMap":{"0":{"start":{"line":3,"column":4},"end":{"line":3,"column":null}},"1":{"start":{"line":4,"column":4},"end":{"line":4,"column":null}},"2":{"start":{"line":1,"column":0},"end":{"line":1,"column":13}}},"fnMap":{"0":{"name":"(anonymous_0)","decl":{"start":{"line":2,"column":2},"end":{"line":2,"column":null}},"loc":{"start":{"line":2,"column":2},"end":{"line":5,"column":3}}}},"branchMap":{},"s":{"0":8,"1":8,"2":8},"f":{"0":8},"b":{}}
,"/home/wallace/cursos/clean-node-api/src/presentation/errors/email-in-use-error.ts": {"path":"/home/wallace/cursos/clean-node-api/src/presentation/errors/email-in-use-error.ts","statementMap":{"0":{"start":{"line":3,"column":4},"end":{"line":3,"column":null}},"1":{"start":{"line":4,"column":4},"end":{"line":4,"column":null}},"2":{"start":{"line":1,"column":0},"end":{"line":1,"column":13}}},"fnMap":{"0":{"name":"(anonymous_0)","decl":{"start":{"line":2,"column":2},"end":{"line":2,"column":null}},"loc":{"start":{"line":2,"column":2},"end":{"line":5,"column":3}}}},"branchMap":{},"s":{"0":2,"1":2,"2":22},"f":{"0":2},"b":{}}
,"/home/wallace/cursos/clean-node-api/src/presentation/errors/index.ts": {"path":"/home/wallace/cursos/clean-node-api/src/presentation/errors/index.ts","statementMap":{"0":{"start":{"line":1,"column":0},"end":{"line":1,"column":37}},"1":{"start":{"line":2,"column":0},"end":{"line":2,"column":37}},"2":{"start":{"line":3,"column":0},"end":{"line":3,"column":31}},"3":{"start":{"line":4,"column":0},"end":{"line":4,"column":36}},"4":{"start":{"line":5,"column":0},"end":{"line":5,"column":36}}},"fnMap":{},"branchMap":{},"s":{"0":22,"1":22,"2":22,"3":22,"4":22},"f":{},"b":{}}
,"/home/wallace/cursos/clean-node-api/src/presentation/errors/invalid-param-error.ts": {"path":"/home/wallace/cursos/clean-node-api/src/presentation/errors/invalid-param-error.ts","statementMap":{"0":{"start":{"line":3,"column":4},"end":{"line":3,"column":null}},"1":{"start":{"line":4,"column":4},"end":{"line":4,"column":null}},"2":{"start":{"line":1,"column":0},"end":{"line":1,"column":13}}},"fnMap":{"0":{"name":"(anonymous_0)","decl":{"start":{"line":2,"column":2},"end":{"line":2,"column":15}},"loc":{"start":{"line":2,"column":32},"end":{"line":5,"column":3}}}},"branchMap":{},"s":{"0":11,"1":11,"2":22},"f":{"0":11},"b":{}}
,"/home/wallace/cursos/clean-node-api/src/presentation/errors/missing-param-error.ts": {"path":"/home/wallace/cursos/clean-node-api/src/presentation/errors/missing-param-error.ts","statementMap":{"0":{"start":{"line":3,"column":4},"end":{"line":3,"column":null}},"1":{"start":{"line":4,"column":4},"end":{"line":4,"column":null}},"2":{"start":{"line":1,"column":0},"end":{"line":1,"column":13}}},"fnMap":{"0":{"name":"(anonymous_0)","decl":{"start":{"line":2,"column":2},"end":{"line":2,"column":15}},"loc":{"start":{"line":2,"column":32},"end":{"line":5,"column":3}}}},"branchMap":{},"s":{"0":6,"1":6,"2":22},"f":{"0":6},"b":{}}
,"/home/wallace/cursos/clean-node-api/src/presentation/errors/server-error .ts": {"path":"/home/wallace/cursos/clean-node-api/src/presentation/errors/server-error .ts","statementMap":{"0":{"start":{"line":3,"column":4},"end":{"line":3,"column":null}},"1":{"start":{"line":4,"column":4},"end":{"line":4,"column":null}},"2":{"start":{"line":5,"column":4},"end":{"line":5,"column":null}},"3":{"start":{"line":1,"column":0},"end":{"line":1,"column":13}}},"fnMap":{"0":{"name":"(anonymous_0)","decl":{"start":{"line":2,"column":2},"end":{"line":2,"column":15}},"loc":{"start":{"line":2,"column":35},"end":{"line":6,"column":3}}}},"branchMap":{},"s":{"0":22,"1":22,"2":22,"3":22},"f":{"0":22},"b":{}}
,"/home/wallace/cursos/clean-node-api/src/presentation/errors/unauthorized-error.ts": {"path":"/home/wallace/cursos/clean-node-api/src/presentation/errors/unauthorized-error.ts","statementMap":{"0":{"start":{"line":3,"column":4},"end":{"line":3,"column":null}},"1":{"start":{"line":4,"column":4},"end":{"line":4,"column":null}},"2":{"start":{"line":1,"column":0},"end":{"line":1,"column":13}}},"fnMap":{"0":{"name":"(anonymous_0)","decl":{"start":{"line":2,"column":2},"end":{"line":2,"column":null}},"loc":{"start":{"line":2,"column":2},"end":{"line":5,"column":3}}}},"branchMap":{},"s":{"0":3,"1":3,"2":22},"f":{"0":3},"b":{}}
,"/home/wallace/cursos/clean-node-api/src/presentation/helpers/http/http-helpers.ts": {"path":"/home/wallace/cursos/clean-node-api/src/presentation/helpers/http/http-helpers.ts","statementMap":{"0":{"start":{"line":2,"column":0},"end":{"line":2,"column":70}},"1":{"start":{"line":4,"column":26},"end":{"line":7,"column":2}},"2":{"start":{"line":4,"column":59},"end":{"line":7,"column":2}},"3":{"start":{"line":4,"column":13},"end":{"line":4,"column":26}},"4":{"start":{"line":9,"column":28},"end":{"line":12,"column":2}},"5":{"start":{"line":9,"column":49},"end":{"line":12,"column":2}},"6":{"start":{"line":9,"column":13},"end":{"line":9,"column":28}},"7":{"start":{"line":14,"column":25},"end":{"line":17,"column":2}},"8":{"start":{"line":14,"column":58},"end":{"line":17,"column":2}},"9":{"start":{"line":14,"column":13},"end":{"line":14,"column":25}},"10":{"start":{"line":19,"column":27},"end":{"line":22,"column":2}},"11":{"start":{"line":19,"column":60},"end":{"line":22,"column":2}},"12":{"start":{"line":19,"column":13},"end":{"line":19,"column":27}},"13":{"start":{"line":24,"column":18},"end":{"line":27,"column":2}},"14":{"start":{"line":24,"column":48},"end":{"line":27,"column":2}},"15":{"start":{"line":24,"column":13},"end":{"line":24,"column":18}},"16":{"start":{"line":29,"column":25},"end":{"line":32,"column":2}},"17":{"start":{"line":29,"column":46},"end":{"line":32,"column":2}},"18":{"start":{"line":29,"column":13},"end":{"line":29,"column":25}}},"fnMap":{"0":{"name":"(anonymous_0)","decl":{"start":{"line":4,"column":26},"end":{"line":4,"column":27}},"loc":{"start":{"line":4,"column":59},"end":{"line":7,"column":2}}},"1":{"name":"(anonymous_1)","decl":{"start":{"line":9,"column":28},"end":{"line":9,"column":45}},"loc":{"start":{"line":9,"column":49},"end":{"line":12,"column":2}}},"2":{"name":"(anonymous_2)","decl":{"start":{"line":14,"column":25},"end":{"line":14,"column":26}},"loc":{"start":{"line":14,"column":58},"end":{"line":17,"column":2}}},"3":{"name":"(anonymous_3)","decl":{"start":{"line":19,"column":27},"end":{"line":19,"column":28}},"loc":{"start":{"line":19,"column":60},"end":{"line":22,"column":2}}},"4":{"name":"(anonymous_4)","decl":{"start":{"line":24,"column":18},"end":{"line":24,"column":19}},"loc":{"start":{"line":24,"column":48},"end":{"line":27,"column":2}}},"5":{"name":"(anonymous_5)","decl":{"start":{"line":29,"column":25},"end":{"line":29,"column":42}},"loc":{"start":{"line":29,"column":46},"end":{"line":32,"column":2}}}},"branchMap":{},"s":{"0":15,"1":15,"2":6,"3":15,"4":15,"5":3,"6":15,"7":15,"8":17,"9":15,"10":15,"11":21,"12":15,"13":15,"14":33,"15":15,"16":15,"17":8,"18":15},"f":{"0":6,"1":3,"2":17,"3":21,"4":33,"5":8},"b":{}}
,"/home/wallace/cursos/clean-node-api/src/presentation/middlewares/auth-middleware.ts": {"path":"/home/wallace/cursos/clean-node-api/src/presentation/middlewares/auth-middleware.ts","statementMap":{"0":{"start":{"line":2,"column":0},"end":{"line":2,"column":85}},"1":{"start":{"line":3,"column":0},"end":{"line":3,"column":76}},"2":{"start":{"line":7,"column":21},"end":{"line":7,"column":59}},"3":{"start":{"line":8,"column":21},"end":{"line":8,"column":34}},"4":{"start":{"line":12,"column":4},"end":{"line":23,"column":null}},"5":{"start":{"line":13,"column":26},"end":{"line":13,"column":65}},"6":{"start":{"line":14,"column":6},"end":{"line":19,"column":null}},"7":{"start":{"line":15,"column":24},"end":{"line":15,"column":82}},"8":{"start":{"line":16,"column":8},"end":{"line":18,"column":null}},"9":{"start":{"line":17,"column":10},"end":{"line":17,"column":null}},"10":{"start":{"line":20,"column":6},"end":{"line":20,"column":null}},"11":{"start":{"line":22,"column":6},"end":{"line":22,"column":null}},"12":{"start":{"line":5,"column":0},"end":{"line":5,"column":13}}},"fnMap":{"0":{"name":"(anonymous_0)","decl":{"start":{"line":6,"column":2},"end":{"line":6,"column":null}},"loc":{"start":{"line":8,"column":34},"end":{"line":9,"column":6}}},"1":{"name":"(anonymous_1)","decl":{"start":{"line":11,"column":2},"end":{"line":11,"column":7}},"loc":{"start":{"line":11,"column":40},"end":{"line":24,"column":3}}}},"branchMap":{"0":{"loc":{"start":{"line":13,"column":26},"end":{"line":13,"column":65}},"type":"cond-expr","locations":[{"start":{"line":13,"column":45},"end":{"line":13,"column":48}},{"start":{"line":13,"column":45},"end":{"line":13,"column":65}}]},"1":{"loc":{"start":{"line":13,"column":26},"end":{"line":13,"column":48}},"type":"binary-expr","locations":[{"start":{"line":13,"column":26},"end":{"line":13,"column":48}},{"start":{"line":13,"column":45},"end":{"line":13,"column":48}}]},"2":{"loc":{"start":{"line":14,"column":6},"end":{"line":19,"column":null}},"type":"if","locations":[{"start":{"line":14,"column":6},"end":{"line":19,"column":null}}]},"3":{"loc":{"start":{"line":16,"column":8},"end":{"line":18,"column":null}},"type":"if","locations":[{"start":{"line":16,"column":8},"end":{"line":18,"column":null}}]}},"s":{"0":8,"1":8,"2":19,"3":19,"4":13,"5":13,"6":13,"7":8,"8":7,"9":6,"10":6,"11":1,"12":8},"f":{"0":19,"1":13},"b":{"0":[1,12],"1":[13,13],"2":[8],"3":[6]}}
,"/home/wallace/cursos/clean-node-api/src/validation/validators/compare-fields-validation.ts": {"path":"/home/wallace/cursos/clean-node-api/src/validation/validators/compare-fields-validation.ts","statementMap":{"0":{"start":{"line":2,"column":0},"end":{"line":2,"column":61}},"1":{"start":{"line":6,"column":21},"end":{"line":6,"column":38}},"2":{"start":{"line":7,"column":21},"end":{"line":7,"column":47}},"3":{"start":{"line":10,"column":4},"end":{"line":12,"column":null}},"4":{"start":{"line":11,"column":6},"end":{"line":11,"column":null}},"5":{"start":{"line":4,"column":0},"end":{"line":4,"column":13}}},"fnMap":{"0":{"name":"(anonymous_0)","decl":{"start":{"line":5,"column":2},"end":{"line":5,"column":null}},"loc":{"start":{"line":7,"column":47},"end":{"line":7,"column":51}}},"1":{"name":"(anonymous_1)","decl":{"start":{"line":9,"column":2},"end":{"line":9,"column":10}},"loc":{"start":{"line":9,"column":22},"end":{"line":13,"column":3}}}},"branchMap":{"0":{"loc":{"start":{"line":10,"column":4},"end":{"line":12,"column":null}},"type":"if","locations":[{"start":{"line":10,"column":4},"end":{"line":12,"column":null}}]}},"s":{"0":11,"1":11,"2":11,"3":3,"4":1,"5":11},"f":{"0":11,"1":3},"b":{"0":[1]}}
,"/home/wallace/cursos/clean-node-api/src/validation/validators/email-validation.ts": {"path":"/home/wallace/cursos/clean-node-api/src/validation/validators/email-validation.ts","statementMap":{"0":{"start":{"line":2,"column":0},"end":{"line":2,"column":57}},"1":{"start":{"line":7,"column":21},"end":{"line":7,"column":38}},"2":{"start":{"line":8,"column":21},"end":{"line":8,"column":51}},"3":{"start":{"line":11,"column":20},"end":{"line":11,"column":70}},"4":{"start":{"line":12,"column":4},"end":{"line":14,"column":null}},"5":{"start":{"line":13,"column":6},"end":{"line":13,"column":null}},"6":{"start":{"line":5,"column":0},"end":{"line":5,"column":13}}},"fnMap":{"0":{"name":"(anonymous_0)","decl":{"start":{"line":6,"column":2},"end":{"line":6,"column":null}},"loc":{"start":{"line":8,"column":51},"end":{"line":8,"column":55}}},"1":{"name":"(anonymous_1)","decl":{"start":{"line":10,"column":2},"end":{"line":10,"column":10}},"loc":{"start":{"line":10,"column":22},"end":{"line":15,"column":3}}}},"branchMap":{"0":{"loc":{"start":{"line":12,"column":4},"end":{"line":14,"column":null}},"type":"if","locations":[{"start":{"line":12,"column":4},"end":{"line":14,"column":null}}]}},"s":{"0":11,"1":21,"2":21,"3":6,"4":5,"5":1,"6":11},"f":{"0":21,"1":6},"b":{"0":[1]}}
,"/home/wallace/cursos/clean-node-api/src/validation/validators/index.ts": {"path":"/home/wallace/cursos/clean-node-api/src/validation/validators/index.ts","statementMap":{"0":{"start":{"line":1,"column":0},"end":{"line":1,"column":43}},"1":{"start":{"line":2,"column":0},"end":{"line":2,"column":34}},"2":{"start":{"line":3,"column":0},"end":{"line":3,"column":43}},"3":{"start":{"line":4,"column":0},"end":{"line":4,"column":38}}},"fnMap":{},"branchMap":{},"s":{"0":10,"1":10,"2":10,"3":10},"f":{},"b":{}}
,"/home/wallace/cursos/clean-node-api/src/validation/validators/required-field-validation.ts": {"path":"/home/wallace/cursos/clean-node-api/src/validation/validators/required-field-validation.ts","statementMap":{"0":{"start":{"line":2,"column":0},"end":{"line":2,"column":57}},"1":{"start":{"line":5,"column":32},"end":{"line":5,"column":49}},"2":{"start":{"line":8,"column":4},"end":{"line":10,"column":null}},"3":{"start":{"line":9,"column":6},"end":{"line":9,"column":null}},"4":{"start":{"line":4,"column":0},"end":{"line":4,"column":13}}},"fnMap":{"0":{"name":"(anonymous_0)","decl":{"start":{"line":5,"column":2},"end":{"line":5,"column":32}},"loc":{"start":{"line":5,"column":49},"end":{"line":5,"column":53}}},"1":{"name":"(anonymous_1)","decl":{"start":{"line":7,"column":2},"end":{"line":7,"column":10}},"loc":{"start":{"line":7,"column":22},"end":{"line":11,"column":3}}}},"branchMap":{"0":{"loc":{"start":{"line":8,"column":4},"end":{"line":10,"column":null}},"type":"if","locations":[{"start":{"line":8,"column":4},"end":{"line":10,"column":null}}]}},"s":{"0":11,"1":74,"2":12,"3":1,"4":11},"f":{"0":74,"1":12},"b":{"0":[1]}}
,"/home/wallace/cursos/clean-node-api/src/validation/validators/validation-composite.ts": {"path":"/home/wallace/cursos/clean-node-api/src/validation/validators/validation-composite.ts","statementMap":{"0":{"start":{"line":4,"column":32},"end":{"line":4,"column":57}},"1":{"start":{"line":7,"column":4},"end":{"line":12,"column":null}},"2":{"start":{"line":8,"column":20},"end":{"line":8,"column":46}},"3":{"start":{"line":9,"column":6},"end":{"line":11,"column":null}},"4":{"start":{"line":10,"column":8},"end":{"line":10,"column":null}},"5":{"start":{"line":3,"column":0},"end":{"line":3,"column":13}}},"fnMap":{"0":{"name":"(anonymous_0)","decl":{"start":{"line":4,"column":2},"end":{"line":4,"column":32}},"loc":{"start":{"line":4,"column":57},"end":{"line":4,"column":61}}},"1":{"name":"(anonymous_1)","decl":{"start":{"line":6,"column":2},"end":{"line":6,"column":10}},"loc":{"start":{"line":6,"column":22},"end":{"line":13,"column":3}}}},"branchMap":{"0":{"loc":{"start":{"line":9,"column":6},"end":{"line":11,"column":null}},"type":"if","locations":[{"start":{"line":9,"column":6},"end":{"line":11,"column":null}}]}},"s":{"0":24,"1":7,"2":19,"3":19,"4":2,"5":11},"f":{"0":24,"1":7},"b":{"0":[2]}}
}
