TN:
SF:src/data/usecases/add-account/db-addccount.ts
FN:4,(anonymous_0)
FN:9,(anonymous_1)
FN:14,(anonymous_2)
FNF:3
FNH:3
FNDA:12,(anonymous_0)
FNDA:8,(anonymous_1)
FNDA:5,(anonymous_2)
DA:3,6
DA:5,12
DA:6,12
DA:7,12
DA:10,8
DA:11,8
DA:12,7
DA:13,6
DA:14,5
DA:16,1
LF:10
LH:10
BRDA:11,0,0,7
BRF:1
BRH:1
end_of_record
TN:
SF:src/data/usecases/add-survey/db-add-survey.ts
FN:4,(anonymous_0)
FN:6,(anonymous_1)
FNF:2
FNH:2
FNDA:7,(anonymous_0)
FNDA:3,(anonymous_1)
DA:3,6
DA:4,7
DA:7,3
LF:3
LH:3
BRF:0
BRH:0
end_of_record
TN:
SF:src/data/usecases/authentication/db-authentication.ts
FN:11,(anonymous_0)
FN:18,(anonymous_1)
FNF:2
FNH:2
FNDA:21,(anonymous_0)
FNDA:14,(anonymous_1)
DA:10,6
DA:12,21
DA:13,21
DA:14,21
DA:15,21
DA:19,14
DA:20,13
DA:21,11
DA:22,10
DA:23,8
DA:24,7
DA:25,6
DA:28,4
LF:13
LH:13
BRDA:20,0,0,11
BRDA:22,1,0,8
BRF:2
BRH:2
end_of_record
TN:
SF:src/data/usecases/load-account-by-token/db-load-account-by-token.ts
FN:7,(anonymous_0)
FN:12,(anonymous_1)
FNF:2
FNH:2
FNDA:17,(anonymous_0)
FNDA:9,(anonymous_1)
DA:6,6
DA:8,17
DA:9,17
DA:13,9
DA:14,8
DA:15,7
DA:16,6
DA:17,5
DA:20,2
LF:9
LH:9
BRDA:14,0,0,7
BRDA:16,1,0,5
BRF:2
BRH:2
end_of_record
TN:
SF:src/data/usecases/load-surveys/db-load-surveys.ts
FN:6,(anonymous_0)
FN:7,(anonymous_1)
FNF:2
FNH:2
FNDA:8,(anonymous_0)
FNDA:4,(anonymous_1)
DA:5,6
DA:6,8
DA:8,4
DA:9,3
LF:4
LH:4
BRF:0
BRH:0
end_of_record
TN:
SF:src/infra/criptography/bcrypt-adapter/bcrypt-adapter.ts
FN:6,(anonymous_1)
FN:8,(anonymous_2)
FN:13,(anonymous_3)
FNF:3
FNH:3
FNDA:22,(anonymous_1)
FNDA:5,(anonymous_2)
FNDA:5,(anonymous_3)
DA:3,6
DA:5,6
DA:6,22
DA:9,5
DA:10,3
DA:14,5
DA:15,5
LF:7
LH:7
BRF:0
BRH:0
end_of_record
TN:
SF:src/infra/criptography/jwt-adapter/jwt-adapter.ts
FN:6,(anonymous_1)
FN:8,(anonymous_2)
FN:13,(anonymous_3)
FNF:3
FNH:3
FNDA:26,(anonymous_1)
FNDA:5,(anonymous_2)
FNDA:5,(anonymous_3)
DA:3,6
DA:5,6
DA:6,26
DA:9,5
DA:10,4
DA:14,5
DA:15,4
LF:7
LH:7
BRF:0
BRH:0
end_of_record
TN:
SF:src/infra/db/mongodb/account/account-mongo-repository.ts
FN:11,(anonymous_0)
FN:18,(anonymous_1)
FN:24,(anonymous_2)
FN:35,(anonymous_3)
FNF:4
FNH:4
FNDA:2,(anonymous_0)
FNDA:6,(anonymous_1)
FNDA:3,(anonymous_2)
FNDA:7,(anonymous_3)
DA:1,6
DA:8,6
DA:10,6
DA:12,2
DA:13,2
DA:14,2
DA:15,2
DA:19,6
DA:20,6
DA:21,6
DA:25,3
DA:26,3
DA:36,7
DA:37,7
DA:45,7
LF:15
LH:15
BRDA:21,0,0,6
BRDA:21,0,1,3
BRDA:45,1,0,7
BRDA:45,1,1,5
BRF:4
BRH:4
end_of_record
TN:
SF:src/infra/db/mongodb/helpers/mongo-helpers.ts
FN:7,(anonymous_0)
FN:12,(anonymous_1)
FN:17,(anonymous_2)
FN:24,(anonymous_3)
FN:33,(anonymous_4)
FN:34,(anonymous_5)
FNF:6
FNH:6
FNDA:7,(anonymous_0)
FNDA:7,(anonymous_1)
FNDA:50,(anonymous_2)
FNDA:12,(anonymous_3)
FNDA:3,(anonymous_4)
FNDA:2,(anonymous_5)
DA:1,9
DA:3,9
DA:8,7
DA:9,7
DA:13,7
DA:14,7
DA:18,50
DA:19,1
DA:21,50
DA:25,12
DA:26,12
DA:30,12
DA:34,3
LF:13
LH:13
BRDA:18,0,0,1
BRF:1
BRH:1
end_of_record
TN:
SF:src/infra/db/mongodb/log/log-mongo-repository.ts
FN:5,(anonymous_0)
FNF:1
FNH:1
FNDA:1,(anonymous_0)
DA:1,6
DA:4,6
DA:6,1
DA:7,1
LF:4
LH:4
BRF:0
BRH:0
end_of_record
TN:
SF:src/infra/db/mongodb/survey/survey-mongo-repository.ts
FN:7,(anonymous_0)
FN:13,(anonymous_1)
FNF:2
FNH:2
FNDA:2,(anonymous_0)
FNDA:3,(anonymous_1)
DA:1,6
DA:6,6
DA:8,2
DA:9,2
DA:10,2
DA:14,3
DA:15,3
DA:16,3
LF:8
LH:8
BRF:0
BRH:0
end_of_record
TN:
SF:src/infra/validators/email-validator-adapter.ts
FN:5,(anonymous_1)
FNF:1
FNH:1
FNDA:6,(anonymous_1)
DA:2,8
DA:4,8
DA:6,6
LF:3
LH:3
BRF:0
BRH:0
end_of_record
TN:
SF:src/presentation/controllers/login/login/login-controller.ts
FN:5,(anonymous_0)
FN:9,(anonymous_1)
FNF:2
FNH:2
FNDA:11,(anonymous_0)
FNDA:8,(anonymous_1)
DA:2,6
DA:4,6
DA:6,11
DA:7,11
DA:10,8
DA:11,8
DA:12,8
DA:13,1
DA:15,7
DA:16,7
DA:20,6
DA:21,2
DA:23,4
DA:25,1
LF:14
LH:14
BRDA:12,0,0,1
BRDA:20,1,0,2
BRF:2
BRH:2
end_of_record
TN:
SF:src/presentation/controllers/login/signup/signup-controller.ts
FN:7,(anonymous_0)
FN:12,(anonymous_1)
FNF:2
FNH:2
FNDA:13,(anonymous_0)
FNDA:9,(anonymous_1)
DA:2,6
DA:4,6
DA:6,6
DA:8,13
DA:9,13
DA:10,13
DA:13,9
DA:14,9
DA:15,9
DA:16,1
DA:18,8
DA:19,8
DA:24,7
DA:25,1
DA:27,6
DA:31,5
DA:33,2
LF:17
LH:17
BRDA:15,0,0,1
BRDA:24,1,0,1
BRF:2
BRH:2
end_of_record
TN:
SF:src/presentation/controllers/survey/add-survey/add-survey-controller.ts
FN:5,(anonymous_0)
FN:10,(anonymous_1)
FNF:2
FNH:2
FNDA:10,(anonymous_0)
FNDA:6,(anonymous_1)
DA:1,6
DA:4,6
DA:6,10
DA:7,10
DA:11,6
DA:12,6
DA:13,6
DA:14,1
DA:16,5
DA:17,5
DA:22,4
DA:24,1
LF:12
LH:12
BRDA:13,0,0,1
BRF:1
BRH:1
end_of_record
TN:
SF:src/presentation/controllers/survey/load-survey/load-surveys-controller.ts
FN:5,(anonymous_0)
FN:6,(anonymous_1)
FNF:2
FNH:2
FNDA:9,(anonymous_0)
FNDA:5,(anonymous_1)
DA:2,6
DA:4,6
DA:5,9
DA:7,5
DA:8,5
DA:9,4
DA:11,1
LF:7
LH:7
BRDA:9,0,0,2
BRDA:9,0,1,2
BRF:2
BRH:2
end_of_record
TN:
SF:src/presentation/errors/access-denied-error.ts
FN:2,(anonymous_0)
FNF:1
FNH:1
FNDA:6,(anonymous_0)
DA:1,6
DA:3,6
DA:4,6
LF:3
LH:3
BRF:0
BRH:0
end_of_record
TN:
SF:src/presentation/errors/email-in-use-error.ts
FN:2,(anonymous_0)
FNF:1
FNH:1
FNDA:2,(anonymous_0)
DA:1,18
DA:3,2
DA:4,2
LF:3
LH:3
BRF:0
BRH:0
end_of_record
TN:
SF:src/presentation/errors/index.ts
FNF:0
FNH:0
DA:1,18
DA:2,18
DA:3,18
DA:4,18
DA:5,18
LF:5
LH:5
BRF:0
BRH:0
end_of_record
TN:
SF:src/presentation/errors/invalid-param-error.ts
FN:2,(anonymous_0)
FNF:1
FNH:1
FNDA:4,(anonymous_0)
DA:1,18
DA:3,4
DA:4,4
LF:3
LH:3
BRF:0
BRH:0
end_of_record
TN:
SF:src/presentation/errors/missing-param-error.ts
FN:2,(anonymous_0)
FNF:1
FNH:1
FNDA:9,(anonymous_0)
DA:1,18
DA:3,9
DA:4,9
LF:3
LH:3
BRF:0
BRH:0
end_of_record
TN:
SF:src/presentation/errors/server-error .ts
FN:2,(anonymous_0)
FNF:1
FNH:1
FNDA:14,(anonymous_0)
DA:1,18
DA:3,14
DA:4,14
DA:5,14
LF:4
LH:4
BRF:0
BRH:0
end_of_record
TN:
SF:src/presentation/errors/unauthorized-error.ts
FN:2,(anonymous_0)
FNF:1
FNH:1
FNDA:3,(anonymous_0)
DA:1,18
DA:3,3
DA:4,3
LF:3
LH:3
BRF:0
BRH:0
end_of_record
TN:
SF:src/presentation/helpers/http/http-helpers.ts
FN:4,(anonymous_0)
FN:9,(anonymous_1)
FN:14,(anonymous_2)
FN:19,(anonymous_3)
FN:24,(anonymous_4)
FN:29,(anonymous_5)
FNF:6
FNH:6
FNDA:6,(anonymous_0)
FNDA:3,(anonymous_1)
FNDA:8,(anonymous_2)
FNDA:13,(anonymous_3)
FNDA:22,(anonymous_4)
FNDA:8,(anonymous_5)
DA:2,11
DA:4,11
DA:9,11
DA:14,11
DA:19,13
DA:24,22
DA:29,11
LF:7
LH:7
BRF:0
BRH:0
end_of_record
TN:
SF:src/presentation/middlewares/auth-middleware.ts
FN:6,(anonymous_0)
FN:11,(anonymous_1)
FNF:2
FNH:2
FNDA:15,(anonymous_0)
FNDA:9,(anonymous_1)
DA:2,6
DA:3,6
DA:5,6
DA:7,15
DA:8,15
DA:12,9
DA:13,9
DA:14,9
DA:15,6
DA:16,5
DA:17,4
DA:20,4
DA:22,1
LF:13
LH:13
BRDA:13,0,0,1
BRDA:13,0,1,8
BRDA:13,1,0,9
BRDA:13,1,1,9
BRDA:14,2,0,6
BRDA:16,3,0,4
BRF:6
BRH:6
end_of_record
TN:
SF:src/validation/validators/compare-fields-validation.ts
FN:5,(anonymous_0)
FN:9,(anonymous_1)
FNF:2
FNH:2
FNDA:9,(anonymous_0)
FNDA:3,(anonymous_1)
DA:2,9
DA:4,9
DA:6,9
DA:7,9
DA:10,3
DA:11,1
LF:6
LH:6
BRDA:10,0,0,1
BRF:1
BRH:1
end_of_record
TN:
SF:src/validation/validators/email-validation.ts
FN:6,(anonymous_0)
FN:10,(anonymous_1)
FNF:2
FNH:2
FNDA:17,(anonymous_0)
FNDA:6,(anonymous_1)
DA:2,9
DA:5,9
DA:7,17
DA:8,17
DA:11,6
DA:12,5
DA:13,1
LF:7
LH:7
BRDA:12,0,0,1
BRF:1
BRH:1
end_of_record
TN:
SF:src/validation/validators/index.ts
FNF:0
FNH:0
DA:1,8
DA:2,8
DA:3,8
DA:4,8
LF:4
LH:4
BRF:0
BRH:0
end_of_record
TN:
SF:src/validation/validators/required-field-validation.ts
FN:5,(anonymous_0)
FN:7,(anonymous_1)
FNF:2
FNH:2
FNDA:58,(anonymous_0)
FNDA:12,(anonymous_1)
DA:2,9
DA:4,9
DA:5,58
DA:8,12
DA:9,1
LF:5
LH:5
BRDA:8,0,0,1
BRF:1
BRH:1
end_of_record
TN:
SF:src/validation/validators/validation-composite.ts
FN:4,(anonymous_0)
FN:6,(anonymous_1)
FNF:2
FNH:2
FNDA:18,(anonymous_0)
FNDA:7,(anonymous_1)
DA:3,9
DA:4,18
DA:7,7
DA:8,19
DA:9,19
DA:10,2
LF:6
LH:6
BRDA:9,0,0,2
BRF:1
BRH:1
end_of_record
