TN:
SF:src/data/usecases/db-add-survey.ts
FN:5,(anonymous_0)
FN:7,(anonymous_1)
FNF:2
FNH:2
FNDA:9,(anonymous_0)
FNDA:3,(anonymous_1)
DA:4,18
DA:5,9
DA:8,3
LF:3
LH:3
BRF:0
BRH:0
end_of_record
TN:
SF:src/data/usecases/db-addccount.ts
FN:6,(anonymous_0)
FN:11,(anonymous_1)
FNF:2
FNH:2
FNDA:14,(anonymous_0)
FNDA:8,(anonymous_1)
DA:5,18
DA:7,14
DA:8,14
DA:9,14
DA:12,8
DA:13,8
DA:14,7
DA:15,6
DA:16,5
DA:18,1
LF:10
LH:10
BRDA:13,0,0,7
BRF:1
BRH:1
end_of_record
TN:
SF:src/data/usecases/db-authentication.ts
FN:6,(anonymous_0)
FN:13,(anonymous_1)
FNF:2
FNH:2
FNDA:25,(anonymous_0)
FNDA:14,(anonymous_1)
DA:5,18
DA:7,25
DA:8,25
DA:9,25
DA:10,25
DA:14,14
DA:15,13
DA:16,11
DA:17,10
DA:18,9
DA:19,8
DA:20,7
DA:26,3
LF:13
LH:13
BRDA:15,0,0,11
BRDA:17,1,0,9
BRF:2
BRH:2
end_of_record
TN:
SF:src/data/usecases/db-load-account-by-token.ts
FN:6,(anonymous_0)
FN:11,(anonymous_1)
FNF:2
FNH:2
FNDA:21,(anonymous_0)
FNDA:11,(anonymous_1)
DA:5,18
DA:7,21
DA:8,21
DA:13,11
DA:14,11
DA:16,1
DA:18,10
DA:19,9
DA:20,8
DA:21,7
DA:24,2
LF:11
LH:11
BRDA:18,0,0,9
BRDA:20,1,0,7
BRF:2
BRH:2
end_of_record
TN:
SF:src/data/usecases/db-load-survey-by-id.ts
FN:6,(anonymous_0)
FN:7,(anonymous_1)
FNF:2
FNH:2
FNDA:17,(anonymous_0)
FNDA:5,(anonymous_1)
DA:5,18
DA:6,17
DA:8,5
DA:9,4
LF:4
LH:4
BRF:0
BRH:0
end_of_record
TN:
SF:src/data/usecases/db-load-survey-result.ts
FN:6,(anonymous_0)
FN:11,(anonymous_1)
FN:19,(anonymous_2)
FNF:3
FNH:3
FNDA:12,(anonymous_0)
FNDA:6,(anonymous_1)
FNDA:6,(anonymous_2)
DA:5,18
DA:7,12
DA:8,12
DA:12,6
DA:13,5
DA:14,3
DA:15,3
DA:19,6
DA:26,5
LF:9
LH:9
BRDA:13,0,0,3
BRF:1
BRH:1
end_of_record
TN:
SF:src/data/usecases/db-load-surveys.ts
FN:6,(anonymous_0)
FN:7,(anonymous_1)
FNF:2
FNH:2
FNDA:10,(anonymous_0)
FNDA:4,(anonymous_1)
DA:5,18
DA:6,10
DA:8,4
DA:9,3
LF:4
LH:4
BRF:0
BRH:0
end_of_record
TN:
SF:src/data/usecases/db-save-survey-result.ts
FN:6,(anonymous_0)
FN:11,(anonymous_1)
FNF:2
FNH:2
FNDA:12,(anonymous_0)
FNDA:6,(anonymous_1)
DA:5,18
DA:7,12
DA:8,12
DA:12,6
DA:13,5
DA:14,4
LF:6
LH:6
BRF:0
BRH:0
end_of_record
TN:
SF:src/data/usecases/index.ts
FNF:0
FNH:0
DA:1,18
DA:2,18
DA:3,18
DA:4,18
DA:5,18
DA:6,18
DA:7,18
DA:8,18
LF:8
LH:8
BRF:0
BRH:0
end_of_record
TN:
SF:src/infra/criptography/bcrypt-adapter.ts
FN:5,(anonymous_1)
FN:7,(anonymous_2)
FN:12,(anonymous_3)
FNF:3
FNH:3
FNDA:28,(anonymous_1)
FNDA:5,(anonymous_2)
FNDA:5,(anonymous_3)
DA:2,12
DA:4,12
DA:5,28
DA:8,5
DA:9,3
DA:13,5
DA:14,5
LF:7
LH:7
BRF:0
BRH:0
end_of_record
TN:
SF:src/infra/criptography/index.ts
FNF:0
FNH:0
DA:1,12
DA:2,12
LF:2
LH:2
BRF:0
BRH:0
end_of_record
TN:
SF:src/infra/criptography/jwt-adapter.ts
FN:5,(anonymous_1)
FN:7,(anonymous_2)
FN:12,(anonymous_3)
FNF:3
FNH:3
FNDA:34,(anonymous_1)
FNDA:5,(anonymous_2)
FNDA:7,(anonymous_3)
DA:2,12
DA:4,12
DA:5,34
DA:8,5
DA:9,4
DA:13,7
DA:14,6
LF:7
LH:7
BRF:0
BRH:0
end_of_record
TN:
SF:src/infra/db/index.ts
FNF:0
FNH:0
DA:1,15
LF:1
LH:1
BRF:0
BRH:0
end_of_record
TN:
SF:src/infra/db/mongodb/account-mongo-repository.ts
FN:8,(anonymous_0)
FN:15,(anonymous_1)
FN:21,(anonymous_2)
FN:32,(anonymous_3)
FNF:4
FNH:4
FNDA:1,(anonymous_0)
FNDA:7,(anonymous_1)
FNDA:3,(anonymous_2)
FNDA:9,(anonymous_3)
DA:1,15
DA:5,15
DA:7,15
DA:9,1
DA:10,1
DA:11,1
DA:12,1
DA:16,7
DA:17,7
DA:18,7
DA:22,3
DA:23,3
DA:33,9
DA:34,9
DA:42,9
LF:15
LH:15
BRDA:18,0,0,7
BRDA:18,0,1,4
BRDA:42,1,0,9
BRDA:42,1,1,7
BRF:4
BRH:4
end_of_record
TN:
SF:src/infra/db/mongodb/index.ts
FNF:0
FNH:0
DA:1,15
DA:2,15
DA:3,15
DA:4,15
DA:5,15
DA:6,15
LF:6
LH:6
BRF:0
BRH:0
end_of_record
TN:
SF:src/infra/db/mongodb/log-mongo-repository.ts
FN:5,(anonymous_0)
FNF:1
FNH:1
FNDA:1,(anonymous_0)
DA:1,15
DA:4,15
DA:6,1
DA:7,1
LF:4
LH:4
BRF:0
BRH:0
end_of_record
TN:
SF:src/infra/db/mongodb/mongo-helpers.ts
FN:7,(anonymous_0)
FN:12,(anonymous_1)
FN:17,(anonymous_2)
FN:24,(anonymous_3)
FN:29,(anonymous_4)
FN:30,(anonymous_5)
FNF:6
FNH:6
FNDA:9,(anonymous_0)
FNDA:9,(anonymous_1)
FNDA:106,(anonymous_2)
FNDA:40,(anonymous_3)
FNDA:3,(anonymous_4)
FNDA:2,(anonymous_5)
DA:1,15
DA:3,15
DA:8,9
DA:9,9
DA:13,9
DA:14,9
DA:18,106
DA:19,1
DA:21,106
DA:25,40
DA:26,40
DA:30,3
LF:12
LH:12
BRDA:18,0,0,1
BRF:1
BRH:1
end_of_record
TN:
SF:src/infra/db/mongodb/query-builder.ts
FN:1,(anonymous_0)
FN:4,(anonymous_1)
FN:11,(anonymous_2)
FN:15,(anonymous_3)
FN:19,(anonymous_4)
FN:23,(anonymous_5)
FN:27,(anonymous_6)
FN:31,(anonymous_7)
FN:35,(anonymous_8)
FNF:9
FNH:9
FNDA:9,(anonymous_0)
FNDA:96,(anonymous_1)
FNDA:6,(anonymous_2)
FNDA:30,(anonymous_3)
FNDA:6,(anonymous_4)
FNDA:18,(anonymous_5)
FNDA:9,(anonymous_6)
FNDA:27,(anonymous_7)
FNDA:9,(anonymous_8)
DA:1,15
DA:2,9
DA:5,96
DA:8,96
DA:12,6
DA:16,30
DA:20,6
DA:24,18
DA:28,9
DA:32,27
DA:36,9
LF:11
LH:11
BRF:0
BRH:0
end_of_record
TN:
SF:src/infra/db/mongodb/survey-mongo-repository.ts
FN:8,(anonymous_0)
FN:14,(anonymous_1)
FN:48,(anonymous_2)
FNF:3
FNH:3
FNDA:2,(anonymous_0)
FNDA:3,(anonymous_1)
FNDA:10,(anonymous_2)
DA:1,15
DA:5,15
DA:7,15
DA:9,2
DA:10,2
DA:11,2
DA:15,3
DA:16,3
DA:44,3
DA:45,3
DA:49,10
DA:50,10
DA:51,10
LF:13
LH:13
BRDA:51,0,0,10
BRDA:51,0,1,10
BRF:2
BRH:2
end_of_record
TN:
SF:src/infra/db/mongodb/survey-result-mongo-repository.ts
FN:9,(anonymous_1)
FN:26,(anonymous_2)
FNF:2
FNH:2
FNDA:3,(anonymous_1)
FNDA:6,(anonymous_2)
DA:1,15
DA:5,15
DA:6,15
DA:8,15
DA:10,3
DA:11,3
DA:12,3
DA:13,3
DA:27,6
DA:28,6
DA:29,6
DA:194,6
DA:195,6
LF:13
LH:13
BRDA:195,0,0,4
BRDA:195,0,1,2
BRF:2
BRH:2
end_of_record
TN:
SF:src/infra/validators/email-validator-adapter.ts
FN:5,(anonymous_1)
FNF:1
FNH:1
FNDA:6,(anonymous_1)
DA:2,11
DA:4,11
DA:6,6
LF:3
LH:3
BRF:0
BRH:0
end_of_record
TN:
SF:src/infra/validators/index.ts
FNF:0
FNH:0
DA:1,11
LF:1
LH:1
BRF:0
BRH:0
end_of_record
TN:
SF:src/presentation/controllers/add-survey-controller.ts
FN:6,(anonymous_0)
FN:11,(anonymous_1)
FNF:2
FNH:2
FNDA:12,(anonymous_0)
FNDA:6,(anonymous_1)
DA:1,16
DA:5,16
DA:7,12
DA:8,12
DA:12,6
DA:13,6
DA:14,6
DA:15,1
DA:17,5
DA:18,5
DA:23,4
DA:25,1
LF:12
LH:12
BRDA:14,0,0,1
BRF:1
BRH:1
end_of_record
TN:
SF:src/presentation/controllers/index.ts
FNF:0
FNH:0
DA:1,16
DA:2,16
DA:3,16
DA:4,16
DA:5,16
DA:6,16
LF:6
LH:6
BRF:0
BRH:0
end_of_record
TN:
SF:src/presentation/controllers/load-survey-result-controller.ts
FN:7,(anonymous_0)
FN:12,(anonymous_1)
FNF:2
FNH:2
FNDA:13,(anonymous_0)
FNDA:7,(anonymous_1)
DA:1,16
DA:4,16
DA:6,16
DA:8,13
DA:9,13
DA:13,7
DA:14,7
DA:15,7
DA:16,6
DA:17,1
DA:19,5
DA:20,4
DA:22,2
LF:13
LH:13
BRDA:16,0,0,1
BRF:1
BRH:1
end_of_record
TN:
SF:src/presentation/controllers/load-surveys-controller.ts
FN:6,(anonymous_0)
FN:7,(anonymous_1)
FNF:2
FNH:2
FNDA:11,(anonymous_0)
FNDA:5,(anonymous_1)
DA:2,16
DA:5,16
DA:6,11
DA:8,5
DA:9,5
DA:10,4
DA:12,1
LF:7
LH:7
BRDA:10,0,0,2
BRDA:10,0,1,2
BRF:2
BRH:2
end_of_record
TN:
SF:src/presentation/controllers/login-controller.ts
FN:6,(anonymous_0)
FN:10,(anonymous_1)
FNF:2
FNH:2
FNDA:13,(anonymous_0)
FNDA:8,(anonymous_1)
DA:3,16
DA:5,16
DA:7,13
DA:8,13
DA:11,8
DA:12,8
DA:13,8
DA:14,1
DA:16,7
DA:17,7
DA:21,6
DA:22,2
DA:24,4
DA:26,1
LF:14
LH:14
BRDA:13,0,0,1
BRDA:21,1,0,2
BRF:2
BRH:2
end_of_record
TN:
SF:src/presentation/controllers/save-survey-result-controller.ts
FN:7,(anonymous_0)
FN:12,(anonymous_1)
FN:19,(anonymous_2)
FNF:3
FNH:3
FNDA:14,(anonymous_0)
FNDA:8,(anonymous_1)
FNDA:12,(anonymous_2)
DA:3,16
DA:4,16
DA:6,16
DA:8,14
DA:9,14
DA:13,8
DA:14,8
DA:15,8
DA:16,8
DA:17,8
DA:18,7
DA:19,12
DA:20,6
DA:21,2
DA:24,1
DA:26,4
DA:32,3
DA:34,2
LF:18
LH:18
BRDA:18,0,0,6
BRDA:18,0,1,1
BRDA:20,1,0,2
BRF:3
BRH:3
end_of_record
TN:
SF:src/presentation/controllers/signup-controller.ts
FN:7,(anonymous_0)
FN:12,(anonymous_1)
FNF:2
FNH:2
FNDA:15,(anonymous_0)
FNDA:9,(anonymous_1)
DA:3,16
DA:4,16
DA:6,16
DA:8,15
DA:9,15
DA:10,15
DA:13,9
DA:14,9
DA:15,9
DA:16,1
DA:18,8
DA:19,8
DA:24,7
DA:25,1
DA:27,6
DA:31,5
DA:33,2
LF:17
LH:17
BRDA:15,0,0,1
BRDA:24,1,0,1
BRF:2
BRH:2
end_of_record
TN:
SF:src/presentation/errors/access-denied-error.ts
FN:2,(anonymous_0)
FNF:1
FNH:1
FNDA:8,(anonymous_0)
DA:1,22
DA:3,8
DA:4,8
LF:3
LH:3
BRF:0
BRH:0
end_of_record
TN:
SF:src/presentation/errors/email-in-use-error.ts
FN:2,(anonymous_0)
FNF:1
FNH:1
FNDA:2,(anonymous_0)
DA:1,22
DA:3,2
DA:4,2
LF:3
LH:3
BRF:0
BRH:0
end_of_record
TN:
SF:src/presentation/errors/index.ts
FNF:0
FNH:0
DA:1,22
DA:2,22
DA:3,22
DA:4,22
DA:5,22
DA:6,22
LF:6
LH:6
BRF:0
BRH:0
end_of_record
TN:
SF:src/presentation/errors/invalid-param-error.ts
FN:2,(anonymous_0)
FNF:1
FNH:1
FNDA:11,(anonymous_0)
DA:1,22
DA:3,11
DA:4,11
LF:3
LH:3
BRF:0
BRH:0
end_of_record
TN:
SF:src/presentation/errors/missing-param-error.ts
FN:2,(anonymous_0)
FNF:1
FNH:1
FNDA:6,(anonymous_0)
DA:1,22
DA:3,6
DA:4,6
LF:3
LH:3
BRF:0
BRH:0
end_of_record
TN:
SF:src/presentation/errors/server-error .ts
FN:2,(anonymous_0)
FNF:1
FNH:1
FNDA:22,(anonymous_0)
DA:1,22
DA:3,22
DA:4,22
DA:5,22
LF:4
LH:4
BRF:0
BRH:0
end_of_record
TN:
SF:src/presentation/errors/unauthorized-error.ts
FN:2,(anonymous_0)
FNF:1
FNH:1
FNDA:3,(anonymous_0)
DA:1,22
DA:3,3
DA:4,3
LF:3
LH:3
BRF:0
BRH:0
end_of_record
TN:
SF:src/presentation/helpers/http-helpers.ts
FN:4,(anonymous_0)
FN:9,(anonymous_1)
FN:14,(anonymous_2)
FN:19,(anonymous_3)
FN:24,(anonymous_4)
FN:29,(anonymous_5)
FNF:6
FNH:6
FNDA:6,(anonymous_0)
FNDA:3,(anonymous_1)
FNDA:17,(anonymous_2)
FNDA:21,(anonymous_3)
FNDA:33,(anonymous_4)
FNDA:8,(anonymous_5)
DA:2,18
DA:4,18
DA:9,18
DA:14,18
DA:19,21
DA:24,33
DA:29,18
LF:7
LH:7
BRF:0
BRH:0
end_of_record
TN:
SF:src/presentation/helpers/index.ts
FNF:0
FNH:0
DA:1,18
LF:1
LH:1
BRF:0
BRH:0
end_of_record
TN:
SF:src/presentation/middlewares/auth-middleware.ts
FN:7,(anonymous_0)
FN:12,(anonymous_1)
FNF:2
FNH:2
FNDA:19,(anonymous_0)
FNDA:13,(anonymous_1)
DA:3,11
DA:4,11
DA:6,11
DA:8,19
DA:9,19
DA:13,13
DA:14,13
DA:15,13
DA:16,8
DA:17,7
DA:18,6
DA:21,6
DA:23,1
LF:13
LH:13
BRDA:14,0,0,1
BRDA:14,0,1,12
BRDA:14,1,0,13
BRDA:14,1,1,13
BRDA:15,2,0,8
BRDA:17,3,0,6
BRF:6
BRH:6
end_of_record
TN:
SF:src/presentation/middlewares/index.ts
FNF:0
FNH:0
DA:1,11
LF:1
LH:1
BRF:0
BRH:0
end_of_record
TN:
SF:src/validation/validators/compare-fields-validation.ts
FN:5,(anonymous_0)
FN:9,(anonymous_1)
FNF:2
FNH:2
FNDA:11,(anonymous_0)
FNDA:3,(anonymous_1)
DA:2,14
DA:4,14
DA:6,11
DA:7,11
DA:10,3
DA:11,1
LF:6
LH:6
BRDA:10,0,0,1
BRF:1
BRH:1
end_of_record
TN:
SF:src/validation/validators/email-validation.ts
FN:6,(anonymous_0)
FN:10,(anonymous_1)
FNF:2
FNH:2
FNDA:21,(anonymous_0)
FNDA:6,(anonymous_1)
DA:2,14
DA:5,14
DA:7,21
DA:8,21
DA:11,6
DA:12,5
DA:13,1
LF:7
LH:7
BRDA:12,0,0,1
BRF:1
BRH:1
end_of_record
TN:
SF:src/validation/validators/index.ts
FNF:0
FNH:0
DA:1,14
DA:2,14
DA:3,14
DA:4,14
LF:4
LH:4
BRF:0
BRH:0
end_of_record
TN:
SF:src/validation/validators/required-field-validation.ts
FN:5,(anonymous_0)
FN:7,(anonymous_1)
FNF:2
FNH:2
FNDA:74,(anonymous_0)
FNDA:12,(anonymous_1)
DA:2,14
DA:4,14
DA:5,74
DA:8,12
DA:9,1
LF:5
LH:5
BRDA:8,0,0,1
BRF:1
BRH:1
end_of_record
TN:
SF:src/validation/validators/validation-composite.ts
FN:4,(anonymous_0)
FN:6,(anonymous_1)
FNF:2
FNH:2
FNDA:24,(anonymous_0)
FNDA:7,(anonymous_1)
DA:3,14
DA:4,24
DA:7,7
DA:8,19
DA:9,19
DA:10,2
LF:6
LH:6
BRDA:9,0,0,2
BRF:1
BRH:1
end_of_record
